CRITICAL - 2024-12-30 00:12:31 --> Error: Class "Firebase\JWT\JWT" not found
[Method: POST, Route: auth/login]
in APPPATH\Controllers\AuthController.php on line 81.
 1 SYSTEMPATH\CodeIgniter.php(933): App\Controllers\AuthController->login()
 2 SYSTEMPATH\CodeIgniter.php(509): CodeIgniter\CodeIgniter->runController()
 3 SYSTEMPATH\CodeIgniter.php(355): CodeIgniter\CodeIgniter->handleRequest()
 4 SYSTEMPATH\Boot.php(325): CodeIgniter\CodeIgniter->run()
 5 SYSTEMPATH\Boot.php(67): CodeIgniter\Boot::runCodeIgniter()
 6 FCPATH\index.php(56): CodeIgniter\Boot::bootWeb()
 7 SYSTEMPATH\rewrite.php(44): require_once('C:\\Users\\User\\OneDrive - Institut Teknologi Bandung\\TST\\UAS\\codeigniter4-framework-2849e7f\\public\\index.php')
CRITICAL - 2024-12-30 00:45:43 --> CodeIgniter\Session\Exceptions\SessionException: Session: Configured save path "C:\Users\User\OneDrive - Institut Teknologi Bandung\TST\UAS\codeigniter4-framework-2849e7f\writable\session" is not writable by the PHP process.
[Method: POST, Route: auth/login]
in SYSTEMPATH\Session\Handlers\FileHandler.php on line 103.
 1 SYSTEMPATH\Session\Handlers\FileHandler.php(103): CodeIgniter\Session\Exceptions\SessionException::forWriteProtectedSavePath()
 2 [internal function]: CodeIgniter\Session\Handlers\FileHandler->open()
 3 SYSTEMPATH\Session\Session.php(920): session_start()
 4 SYSTEMPATH\Session\Session.php(242): CodeIgniter\Session\Session->startSession()
 5 SYSTEMPATH\Config\Services.php(710): CodeIgniter\Session\Session->start()
 6 SYSTEMPATH\Config\BaseService.php(312): CodeIgniter\Config\Services::session()
 7 SYSTEMPATH\Config\BaseService.php(251): CodeIgniter\Config\BaseService::__callStatic()
 8 SYSTEMPATH\Config\Services.php(668): CodeIgniter\Config\BaseService::getSharedInstance()
 9 SYSTEMPATH\Config\BaseService.php(321): CodeIgniter\Config\Services::session()
10 APPPATH\Controllers\AuthController.php(41): CodeIgniter\Config\BaseService::__callStatic()
11 SYSTEMPATH\CodeIgniter.php(933): App\Controllers\AuthController->login()
12 SYSTEMPATH\CodeIgniter.php(509): CodeIgniter\CodeIgniter->runController()
13 SYSTEMPATH\CodeIgniter.php(355): CodeIgniter\CodeIgniter->handleRequest()
14 SYSTEMPATH\Boot.php(325): CodeIgniter\CodeIgniter->run()
15 SYSTEMPATH\Boot.php(67): CodeIgniter\Boot::runCodeIgniter()
16 FCPATH\index.php(56): CodeIgniter\Boot::bootWeb()
17 SYSTEMPATH\rewrite.php(44): require_once('C:\\Users\\User\\OneDrive - Institut Teknologi Bandung\\TST\\UAS\\codeigniter4-framework-2849e7f\\public\\index.php')
CRITICAL - 2024-12-30 00:57:37 --> CodeIgniter\Session\Exceptions\SessionException: Session: Configured save path "C:\Users\User\OneDrive - Institut Teknologi Bandung\TST\UAS\codeigniter4-framework-2849e7f\writable\session" is not writable by the PHP process.
[Method: POST, Route: auth/login]
in SYSTEMPATH\Session\Handlers\FileHandler.php on line 103.
 1 SYSTEMPATH\Session\Handlers\FileHandler.php(103): CodeIgniter\Session\Exceptions\SessionException::forWriteProtectedSavePath()
 2 [internal function]: CodeIgniter\Session\Handlers\FileHandler->open()
 3 SYSTEMPATH\Session\Session.php(920): session_start()
 4 SYSTEMPATH\Session\Session.php(242): CodeIgniter\Session\Session->startSession()
 5 SYSTEMPATH\Config\Services.php(710): CodeIgniter\Session\Session->start()
 6 SYSTEMPATH\Config\BaseService.php(312): CodeIgniter\Config\Services::session()
 7 SYSTEMPATH\Config\BaseService.php(251): CodeIgniter\Config\BaseService::__callStatic()
 8 SYSTEMPATH\Config\Services.php(668): CodeIgniter\Config\BaseService::getSharedInstance()
 9 SYSTEMPATH\Config\BaseService.php(321): CodeIgniter\Config\Services::session()
10 APPPATH\Controllers\AuthController.php(41): CodeIgniter\Config\BaseService::__callStatic()
11 SYSTEMPATH\CodeIgniter.php(933): App\Controllers\AuthController->login()
12 SYSTEMPATH\CodeIgniter.php(509): CodeIgniter\CodeIgniter->runController()
13 SYSTEMPATH\CodeIgniter.php(355): CodeIgniter\CodeIgniter->handleRequest()
14 SYSTEMPATH\Boot.php(325): CodeIgniter\CodeIgniter->run()
15 SYSTEMPATH\Boot.php(67): CodeIgniter\Boot::runCodeIgniter()
16 FCPATH\index.php(56): CodeIgniter\Boot::bootWeb()
17 SYSTEMPATH\rewrite.php(44): require_once('C:\\Users\\User\\OneDrive - Institut Teknologi Bandung\\TST\\UAS\\codeigniter4-framework-2849e7f\\public\\index.php')
CRITICAL - 2024-12-30 00:58:16 --> CodeIgniter\Session\Exceptions\SessionException: Session: Configured save path "C:\Users\User\OneDrive - Institut Teknologi Bandung\TST\UAS\codeigniter4-framework-2849e7f\writable\session" is not writable by the PHP process.
[Method: POST, Route: auth/login]
in SYSTEMPATH\Session\Handlers\FileHandler.php on line 103.
 1 SYSTEMPATH\Session\Handlers\FileHandler.php(103): CodeIgniter\Session\Exceptions\SessionException::forWriteProtectedSavePath()
 2 [internal function]: CodeIgniter\Session\Handlers\FileHandler->open()
 3 SYSTEMPATH\Session\Session.php(920): session_start()
 4 SYSTEMPATH\Session\Session.php(242): CodeIgniter\Session\Session->startSession()
 5 SYSTEMPATH\Config\Services.php(710): CodeIgniter\Session\Session->start()
 6 SYSTEMPATH\Config\BaseService.php(312): CodeIgniter\Config\Services::session()
 7 SYSTEMPATH\Config\BaseService.php(251): CodeIgniter\Config\BaseService::__callStatic()
 8 SYSTEMPATH\Config\Services.php(668): CodeIgniter\Config\BaseService::getSharedInstance()
 9 SYSTEMPATH\Config\BaseService.php(321): CodeIgniter\Config\Services::session()
10 APPPATH\Controllers\AuthController.php(41): CodeIgniter\Config\BaseService::__callStatic()
11 SYSTEMPATH\CodeIgniter.php(933): App\Controllers\AuthController->login()
12 SYSTEMPATH\CodeIgniter.php(509): CodeIgniter\CodeIgniter->runController()
13 SYSTEMPATH\CodeIgniter.php(355): CodeIgniter\CodeIgniter->handleRequest()
14 SYSTEMPATH\Boot.php(325): CodeIgniter\CodeIgniter->run()
15 SYSTEMPATH\Boot.php(67): CodeIgniter\Boot::runCodeIgniter()
16 FCPATH\index.php(56): CodeIgniter\Boot::bootWeb()
17 SYSTEMPATH\rewrite.php(44): require_once('C:\\Users\\User\\OneDrive - Institut Teknologi Bandung\\TST\\UAS\\codeigniter4-framework-2849e7f\\public\\index.php')
CRITICAL - 2024-12-30 01:09:56 --> CodeIgniter\Session\Exceptions\SessionException: Session: Configured save path "C:\Users\User\OneDrive - Institut Teknologi Bandung\TST\UAS\codeigniter4-framework-2849e7f\writable\session" is not writable by the PHP process.
[Method: POST, Route: assessment/submit]
in SYSTEMPATH\Session\Handlers\FileHandler.php on line 103.
 1 SYSTEMPATH\Session\Handlers\FileHandler.php(103): CodeIgniter\Session\Exceptions\SessionException::forWriteProtectedSavePath()
 2 [internal function]: CodeIgniter\Session\Handlers\FileHandler->open()
 3 SYSTEMPATH\Session\Session.php(920): session_start()
 4 SYSTEMPATH\Session\Session.php(242): CodeIgniter\Session\Session->startSession()
 5 SYSTEMPATH\Config\Services.php(710): CodeIgniter\Session\Session->start()
 6 SYSTEMPATH\Config\BaseService.php(312): CodeIgniter\Config\Services::session()
 7 SYSTEMPATH\Config\BaseService.php(251): CodeIgniter\Config\BaseService::__callStatic()
 8 SYSTEMPATH\Config\Services.php(668): CodeIgniter\Config\BaseService::getSharedInstance()
 9 SYSTEMPATH\Config\BaseService.php(321): CodeIgniter\Config\Services::session()
10 APPPATH\Controllers\AssessmentController.php(13): CodeIgniter\Config\BaseService::__callStatic()
11 SYSTEMPATH\CodeIgniter.php(933): App\Controllers\AssessmentController->submitAssessment()
12 SYSTEMPATH\CodeIgniter.php(509): CodeIgniter\CodeIgniter->runController()
13 SYSTEMPATH\CodeIgniter.php(355): CodeIgniter\CodeIgniter->handleRequest()
14 SYSTEMPATH\Boot.php(325): CodeIgniter\CodeIgniter->run()
15 SYSTEMPATH\Boot.php(67): CodeIgniter\Boot::runCodeIgniter()
16 FCPATH\index.php(56): CodeIgniter\Boot::bootWeb()
17 SYSTEMPATH\rewrite.php(44): require_once('C:\\Users\\User\\OneDrive - Institut Teknologi Bandung\\TST\\UAS\\codeigniter4-framework-2849e7f\\public\\index.php')
CRITICAL - 2024-12-30 01:10:25 --> CodeIgniter\Session\Exceptions\SessionException: Session: Configured save path "C:\Users\User\OneDrive - Institut Teknologi Bandung\TST\UAS\codeigniter4-framework-2849e7f\writable\session" is not writable by the PHP process.
[Method: POST, Route: assessment/submit]
in SYSTEMPATH\Session\Handlers\FileHandler.php on line 103.
 1 SYSTEMPATH\Session\Handlers\FileHandler.php(103): CodeIgniter\Session\Exceptions\SessionException::forWriteProtectedSavePath()
 2 [internal function]: CodeIgniter\Session\Handlers\FileHandler->open()
 3 SYSTEMPATH\Session\Session.php(920): session_start()
 4 SYSTEMPATH\Session\Session.php(242): CodeIgniter\Session\Session->startSession()
 5 SYSTEMPATH\Config\Services.php(710): CodeIgniter\Session\Session->start()
 6 SYSTEMPATH\Config\BaseService.php(312): CodeIgniter\Config\Services::session()
 7 SYSTEMPATH\Config\BaseService.php(251): CodeIgniter\Config\BaseService::__callStatic()
 8 SYSTEMPATH\Config\Services.php(668): CodeIgniter\Config\BaseService::getSharedInstance()
 9 SYSTEMPATH\Config\BaseService.php(321): CodeIgniter\Config\Services::session()
10 APPPATH\Controllers\AssessmentController.php(13): CodeIgniter\Config\BaseService::__callStatic()
11 SYSTEMPATH\CodeIgniter.php(933): App\Controllers\AssessmentController->submitAssessment()
12 SYSTEMPATH\CodeIgniter.php(509): CodeIgniter\CodeIgniter->runController()
13 SYSTEMPATH\CodeIgniter.php(355): CodeIgniter\CodeIgniter->handleRequest()
14 SYSTEMPATH\Boot.php(325): CodeIgniter\CodeIgniter->run()
15 SYSTEMPATH\Boot.php(67): CodeIgniter\Boot::runCodeIgniter()
16 FCPATH\index.php(56): CodeIgniter\Boot::bootWeb()
17 SYSTEMPATH\rewrite.php(44): require_once('C:\\Users\\User\\OneDrive - Institut Teknologi Bandung\\TST\\UAS\\codeigniter4-framework-2849e7f\\public\\index.php')
CRITICAL - 2024-12-30 01:12:17 --> ErrorException: Cannot declare class App\Controllers\AssessmentController, because the name is already in use
[Method: POST, Route: assessment/submit]
in APPPATH\Models\AssessmentModel.php on line 9.
 1 [internal function]: CodeIgniter\Debug\Exceptions->shutdownHandler()
CRITICAL - 2024-12-30 01:15:46 --> ErrorException: Undefined array key "user_id"
[Method: POST, Route: assessment/submit]
in APPPATH\Controllers\AssessmentController.php on line 20.
 1 APPPATH\Controllers\AssessmentController.php(20): CodeIgniter\Debug\Exceptions->errorHandler()
 2 SYSTEMPATH\CodeIgniter.php(933): App\Controllers\AssessmentController->submitAssessment()
 3 SYSTEMPATH\CodeIgniter.php(509): CodeIgniter\CodeIgniter->runController()
 4 SYSTEMPATH\CodeIgniter.php(355): CodeIgniter\CodeIgniter->handleRequest()
 5 SYSTEMPATH\Boot.php(325): CodeIgniter\CodeIgniter->run()
 6 SYSTEMPATH\Boot.php(67): CodeIgniter\Boot::runCodeIgniter()
 7 FCPATH\index.php(56): CodeIgniter\Boot::bootWeb()
 8 SYSTEMPATH\rewrite.php(44): require_once('C:\\Users\\User\\OneDrive - Institut Teknologi Bandung\\TST\\UAS\\codeigniter4-framework-2849e7f\\public\\index.php')
CRITICAL - 2024-12-30 01:18:08 --> ErrorException: Undefined array key "user_id"
[Method: POST, Route: assessment/submit]
in APPPATH\Controllers\AssessmentController.php on line 20.
 1 APPPATH\Controllers\AssessmentController.php(20): CodeIgniter\Debug\Exceptions->errorHandler()
 2 SYSTEMPATH\CodeIgniter.php(933): App\Controllers\AssessmentController->submitAssessment()
 3 SYSTEMPATH\CodeIgniter.php(509): CodeIgniter\CodeIgniter->runController()
 4 SYSTEMPATH\CodeIgniter.php(355): CodeIgniter\CodeIgniter->handleRequest()
 5 SYSTEMPATH\Boot.php(325): CodeIgniter\CodeIgniter->run()
 6 SYSTEMPATH\Boot.php(67): CodeIgniter\Boot::runCodeIgniter()
 7 FCPATH\index.php(56): CodeIgniter\Boot::bootWeb()
 8 SYSTEMPATH\rewrite.php(44): require_once('C:\\Users\\User\\OneDrive - Institut Teknologi Bandung\\TST\\UAS\\codeigniter4-framework-2849e7f\\public\\index.php')
ERROR - 2024-12-30 01:37:35 --> mysqli_sql_exception: Unknown column 'updated_at' in 'field list' in C:\Users\User\OneDrive - Institut Teknologi Bandung\TST\UAS\codeigniter4-framework-2849e7f\system\Database\MySQLi\Connection.php:312
Stack trace:
#0 C:\Users\User\OneDrive - Institut Teknologi Bandung\TST\UAS\codeigniter4-framework-2849e7f\system\Database\MySQLi\Connection.php(312): mysqli->query()
#1 C:\Users\User\OneDrive - Institut Teknologi Bandung\TST\UAS\codeigniter4-framework-2849e7f\system\Database\BaseConnection.php(734): CodeIgniter\Database\MySQLi\Connection->execute()
#2 C:\Users\User\OneDrive - Institut Teknologi Bandung\TST\UAS\codeigniter4-framework-2849e7f\system\Database\BaseConnection.php(648): CodeIgniter\Database\BaseConnection->simpleQuery()
#3 C:\Users\User\OneDrive - Institut Teknologi Bandung\TST\UAS\codeigniter4-framework-2849e7f\system\Database\BaseBuilder.php(2340): CodeIgniter\Database\BaseConnection->query()
#4 C:\Users\User\OneDrive - Institut Teknologi Bandung\TST\UAS\codeigniter4-framework-2849e7f\system\Model.php(394): CodeIgniter\Database\BaseBuilder->insert()
#5 C:\Users\User\OneDrive - Institut Teknologi Bandung\TST\UAS\codeigniter4-framework-2849e7f\system\BaseModel.php(840): CodeIgniter\Model->doInsert()
#6 C:\Users\User\OneDrive - Institut Teknologi Bandung\TST\UAS\codeigniter4-framework-2849e7f\system\Model.php(802): CodeIgniter\BaseModel->insert()
#7 C:\Users\User\OneDrive - Institut Teknologi Bandung\TST\UAS\codeigniter4-framework-2849e7f\system\BaseModel.php(751): CodeIgniter\Model->insert()
#8 C:\Users\User\OneDrive - Institut Teknologi Bandung\TST\UAS\codeigniter4-framework-2849e7f\app\Controllers\AssessmentController.php(30): CodeIgniter\BaseModel->save()
#9 C:\Users\User\OneDrive - Institut Teknologi Bandung\TST\UAS\codeigniter4-framework-2849e7f\system\CodeIgniter.php(933): App\Controllers\AssessmentController->submitAssessment()
#10 C:\Users\User\OneDrive - Institut Teknologi Bandung\TST\UAS\codeigniter4-framework-2849e7f\system\CodeIgniter.php(509): CodeIgniter\CodeIgniter->runController()
#11 C:\Users\User\OneDrive - Institut Teknologi Bandung\TST\UAS\codeigniter4-framework-2849e7f\system\CodeIgniter.php(355): CodeIgniter\CodeIgniter->handleRequest()
#12 C:\Users\User\OneDrive - Institut Teknologi Bandung\TST\UAS\codeigniter4-framework-2849e7f\system\Boot.php(325): CodeIgniter\CodeIgniter->run()
#13 C:\Users\User\OneDrive - Institut Teknologi Bandung\TST\UAS\codeigniter4-framework-2849e7f\system\Boot.php(67): CodeIgniter\Boot::runCodeIgniter()
#14 C:\Users\User\OneDrive - Institut Teknologi Bandung\TST\UAS\codeigniter4-framework-2849e7f\public\index.php(56): CodeIgniter\Boot::bootWeb()
#15 C:\Users\User\OneDrive - Institut Teknologi Bandung\TST\UAS\codeigniter4-framework-2849e7f\system\rewrite.php(44): require_once('...')
#16 {main}
CRITICAL - 2024-12-30 01:37:35 --> CodeIgniter\Database\Exceptions\DatabaseException: Unknown column 'updated_at' in 'field list'
[Method: POST, Route: assessment/submit]
in SYSTEMPATH\Database\BaseConnection.php on line 688.
 1 SYSTEMPATH\Database\BaseBuilder.php(2340): CodeIgniter\Database\BaseConnection->query()
 2 SYSTEMPATH\Model.php(394): CodeIgniter\Database\BaseBuilder->insert()
 3 SYSTEMPATH\BaseModel.php(840): CodeIgniter\Model->doInsert()
 4 SYSTEMPATH\Model.php(802): CodeIgniter\BaseModel->insert()
 5 SYSTEMPATH\BaseModel.php(751): CodeIgniter\Model->insert()
 6 APPPATH\Controllers\AssessmentController.php(30): CodeIgniter\BaseModel->save()
 7 SYSTEMPATH\CodeIgniter.php(933): App\Controllers\AssessmentController->submitAssessment()
 8 SYSTEMPATH\CodeIgniter.php(509): CodeIgniter\CodeIgniter->runController()
 9 SYSTEMPATH\CodeIgniter.php(355): CodeIgniter\CodeIgniter->handleRequest()
10 SYSTEMPATH\Boot.php(325): CodeIgniter\CodeIgniter->run()
11 SYSTEMPATH\Boot.php(67): CodeIgniter\Boot::runCodeIgniter()
12 FCPATH\index.php(56): CodeIgniter\Boot::bootWeb()
13 SYSTEMPATH\rewrite.php(44): require_once('C:\\Users\\User\\OneDrive - Institut Teknologi Bandung\\TST\\UAS\\codeigniter4-framework-2849e7f\\public\\index.php')
CRITICAL - 2024-12-30 01:37:35 --> [Caused by] CodeIgniter\Database\Exceptions\DatabaseException: Unknown column 'updated_at' in 'field list'
in SYSTEMPATH\Database\MySQLi\Connection.php on line 317.
 1 SYSTEMPATH\Database\BaseConnection.php(734): CodeIgniter\Database\MySQLi\Connection->execute()
 2 SYSTEMPATH\Database\BaseConnection.php(648): CodeIgniter\Database\BaseConnection->simpleQuery()
 3 SYSTEMPATH\Database\BaseBuilder.php(2340): CodeIgniter\Database\BaseConnection->query()
 4 SYSTEMPATH\Model.php(394): CodeIgniter\Database\BaseBuilder->insert()
 5 SYSTEMPATH\BaseModel.php(840): CodeIgniter\Model->doInsert()
 6 SYSTEMPATH\Model.php(802): CodeIgniter\BaseModel->insert()
 7 SYSTEMPATH\BaseModel.php(751): CodeIgniter\Model->insert()
 8 APPPATH\Controllers\AssessmentController.php(30): CodeIgniter\BaseModel->save()
 9 SYSTEMPATH\CodeIgniter.php(933): App\Controllers\AssessmentController->submitAssessment()
10 SYSTEMPATH\CodeIgniter.php(509): CodeIgniter\CodeIgniter->runController()
11 SYSTEMPATH\CodeIgniter.php(355): CodeIgniter\CodeIgniter->handleRequest()
12 SYSTEMPATH\Boot.php(325): CodeIgniter\CodeIgniter->run()
13 SYSTEMPATH\Boot.php(67): CodeIgniter\Boot::runCodeIgniter()
14 FCPATH\index.php(56): CodeIgniter\Boot::bootWeb()
15 SYSTEMPATH\rewrite.php(44): require_once('C:\\Users\\User\\OneDrive - Institut Teknologi Bandung\\TST\\UAS\\codeigniter4-framework-2849e7f\\public\\index.php')
CRITICAL - 2024-12-30 01:37:35 --> [Caused by] mysqli_sql_exception: Unknown column 'updated_at' in 'field list'
in SYSTEMPATH\Database\MySQLi\Connection.php on line 312.
 1 SYSTEMPATH\Database\MySQLi\Connection.php(312): mysqli->query()
 2 SYSTEMPATH\Database\BaseConnection.php(734): CodeIgniter\Database\MySQLi\Connection->execute()
 3 SYSTEMPATH\Database\BaseConnection.php(648): CodeIgniter\Database\BaseConnection->simpleQuery()
 4 SYSTEMPATH\Database\BaseBuilder.php(2340): CodeIgniter\Database\BaseConnection->query()
 5 SYSTEMPATH\Model.php(394): CodeIgniter\Database\BaseBuilder->insert()
 6 SYSTEMPATH\BaseModel.php(840): CodeIgniter\Model->doInsert()
 7 SYSTEMPATH\Model.php(802): CodeIgniter\BaseModel->insert()
 8 SYSTEMPATH\BaseModel.php(751): CodeIgniter\Model->insert()
 9 APPPATH\Controllers\AssessmentController.php(30): CodeIgniter\BaseModel->save()
10 SYSTEMPATH\CodeIgniter.php(933): App\Controllers\AssessmentController->submitAssessment()
11 SYSTEMPATH\CodeIgniter.php(509): CodeIgniter\CodeIgniter->runController()
12 SYSTEMPATH\CodeIgniter.php(355): CodeIgniter\CodeIgniter->handleRequest()
13 SYSTEMPATH\Boot.php(325): CodeIgniter\CodeIgniter->run()
14 SYSTEMPATH\Boot.php(67): CodeIgniter\Boot::runCodeIgniter()
15 FCPATH\index.php(56): CodeIgniter\Boot::bootWeb()
16 SYSTEMPATH\rewrite.php(44): require_once('C:\\Users\\User\\OneDrive - Institut Teknologi Bandung\\TST\\UAS\\codeigniter4-framework-2849e7f\\public\\index.php')
INFO - 2024-12-30 02:26:37 --> Session: Class initialized using 'CodeIgniter\Session\Handlers\FileHandler' driver.
CRITICAL - 2024-12-30 02:33:10 --> CodeIgniter\Session\Exceptions\SessionException: Session: Configured save path "session" is not writable by the PHP process.
[Method: POST, Route: assessment/submit]
in SYSTEMPATH\Session\Handlers\FileHandler.php on line 103.
 1 SYSTEMPATH\Session\Handlers\FileHandler.php(103): CodeIgniter\Session\Exceptions\SessionException::forWriteProtectedSavePath()
 2 [internal function]: CodeIgniter\Session\Handlers\FileHandler->open()
 3 SYSTEMPATH\Session\Session.php(920): session_start()
 4 SYSTEMPATH\Session\Session.php(242): CodeIgniter\Session\Session->startSession()
 5 SYSTEMPATH\Config\Services.php(710): CodeIgniter\Session\Session->start()
 6 SYSTEMPATH\Config\BaseService.php(312): CodeIgniter\Config\Services::session()
 7 SYSTEMPATH\Config\BaseService.php(251): CodeIgniter\Config\BaseService::__callStatic()
 8 SYSTEMPATH\Config\Services.php(668): CodeIgniter\Config\BaseService::getSharedInstance()
 9 SYSTEMPATH\Config\BaseService.php(321): CodeIgniter\Config\Services::session()
10 APPPATH\Controllers\AssessmentController.php(13): CodeIgniter\Config\BaseService::__callStatic()
11 SYSTEMPATH\CodeIgniter.php(933): App\Controllers\AssessmentController->submitAssessment()
12 SYSTEMPATH\CodeIgniter.php(509): CodeIgniter\CodeIgniter->runController()
13 SYSTEMPATH\CodeIgniter.php(355): CodeIgniter\CodeIgniter->handleRequest()
14 SYSTEMPATH\Boot.php(325): CodeIgniter\CodeIgniter->run()
15 SYSTEMPATH\Boot.php(67): CodeIgniter\Boot::runCodeIgniter()
16 FCPATH\index.php(56): CodeIgniter\Boot::bootWeb()
17 SYSTEMPATH\rewrite.php(44): require_once('C:\\Users\\User\\OneDrive - Institut Teknologi Bandung\\TST\\UAS\\codeigniter4-framework-2849e7f\\public\\index.php')
