CRITICAL - 2024-11-17 01:42:39 --> Error: Undefined constant "CodeIgniter\Database\MySQLi\MYSQLI_STORE_RESULT"
[Method: GET, Route: foodmart]
in SYSTEMPATH\Database\Database.php on line 143.
 1 SYSTEMPATH\Database\Database.php(61): CodeIgniter\Database\Database->initDriver()
 2 SYSTEMPATH\Database\Config.php(84): CodeIgniter\Database\Database->load()
 3 SYSTEMPATH\Model.php(155): CodeIgniter\Database\Config::connect()
 4 SYSTEMPATH\Config\Factories.php(235): CodeIgniter\Model->__construct()
 5 SYSTEMPATH\Config\Factories.php(169): CodeIgniter\Config\Factories::createInstance()
 6 SYSTEMPATH\Common.php(802): CodeIgniter\Config\Factories::__callStatic()
 7 APPPATH\Controllers\FoodmartController.php(6): model()
 8 SYSTEMPATH\CodeIgniter.php(933): App\Controllers\FoodmartController->index()
 9 SYSTEMPATH\CodeIgniter.php(509): CodeIgniter\CodeIgniter->runController()
10 SYSTEMPATH\CodeIgniter.php(355): CodeIgniter\CodeIgniter->handleRequest()
11 SYSTEMPATH\Boot.php(325): CodeIgniter\CodeIgniter->run()
12 SYSTEMPATH\Boot.php(67): CodeIgniter\Boot::runCodeIgniter()
13 FCPATH\index.php(56): CodeIgniter\Boot::bootWeb()
14 SYSTEMPATH\rewrite.php(44): require_once('C:\\Users\\User\\OneDrive - Institut Teknologi Bandung\\TST\\codeigniter4-framework-v4.5.5-0-g2849e7f\\codeigniter4-framework-2849e7f\\public\\index.php')
CRITICAL - 2024-11-17 01:43:21 --> Error: Undefined constant "CodeIgniter\Database\MySQLi\MYSQLI_STORE_RESULT"
[Method: GET, Route: foodmart]
in SYSTEMPATH\Database\Database.php on line 143.
 1 SYSTEMPATH\Database\Database.php(61): CodeIgniter\Database\Database->initDriver()
 2 SYSTEMPATH\Database\Config.php(84): CodeIgniter\Database\Database->load()
 3 SYSTEMPATH\Model.php(155): CodeIgniter\Database\Config::connect()
 4 SYSTEMPATH\Config\Factories.php(235): CodeIgniter\Model->__construct()
 5 SYSTEMPATH\Config\Factories.php(169): CodeIgniter\Config\Factories::createInstance()
 6 SYSTEMPATH\Common.php(802): CodeIgniter\Config\Factories::__callStatic()
 7 APPPATH\Controllers\FoodmartController.php(6): model()
 8 SYSTEMPATH\CodeIgniter.php(933): App\Controllers\FoodmartController->index()
 9 SYSTEMPATH\CodeIgniter.php(509): CodeIgniter\CodeIgniter->runController()
10 SYSTEMPATH\CodeIgniter.php(355): CodeIgniter\CodeIgniter->handleRequest()
11 SYSTEMPATH\Boot.php(325): CodeIgniter\CodeIgniter->run()
12 SYSTEMPATH\Boot.php(67): CodeIgniter\Boot::runCodeIgniter()
13 FCPATH\index.php(56): CodeIgniter\Boot::bootWeb()
14 SYSTEMPATH\rewrite.php(44): require_once('C:\\Users\\User\\OneDrive - Institut Teknologi Bandung\\TST\\codeigniter4-framework-v4.5.5-0-g2849e7f\\codeigniter4-framework-2849e7f\\public\\index.php')
CRITICAL - 2024-11-17 01:44:03 --> Error: Undefined constant "CodeIgniter\Database\MySQLi\MYSQLI_STORE_RESULT"
[Method: GET, Route: foodmart]
in SYSTEMPATH\Database\Database.php on line 143.
 1 SYSTEMPATH\Database\Database.php(61): CodeIgniter\Database\Database->initDriver()
 2 SYSTEMPATH\Database\Config.php(84): CodeIgniter\Database\Database->load()
 3 SYSTEMPATH\Model.php(155): CodeIgniter\Database\Config::connect()
 4 SYSTEMPATH\Config\Factories.php(235): CodeIgniter\Model->__construct()
 5 SYSTEMPATH\Config\Factories.php(169): CodeIgniter\Config\Factories::createInstance()
 6 SYSTEMPATH\Common.php(802): CodeIgniter\Config\Factories::__callStatic()
 7 APPPATH\Controllers\FoodmartController.php(6): model()
 8 SYSTEMPATH\CodeIgniter.php(933): App\Controllers\FoodmartController->index()
 9 SYSTEMPATH\CodeIgniter.php(509): CodeIgniter\CodeIgniter->runController()
10 SYSTEMPATH\CodeIgniter.php(355): CodeIgniter\CodeIgniter->handleRequest()
11 SYSTEMPATH\Boot.php(325): CodeIgniter\CodeIgniter->run()
12 SYSTEMPATH\Boot.php(67): CodeIgniter\Boot::runCodeIgniter()
13 FCPATH\index.php(56): CodeIgniter\Boot::bootWeb()
14 SYSTEMPATH\rewrite.php(44): require_once('C:\\Users\\User\\OneDrive - Institut Teknologi Bandung\\TST\\codeigniter4-framework-v4.5.5-0-g2849e7f\\codeigniter4-framework-2849e7f\\public\\index.php')
CRITICAL - 2024-11-17 01:45:21 --> Error: Undefined constant "CodeIgniter\Database\MySQLi\MYSQLI_STORE_RESULT"
[Method: GET, Route: foodmart]
in SYSTEMPATH\Database\Database.php on line 143.
 1 SYSTEMPATH\Database\Database.php(61): CodeIgniter\Database\Database->initDriver()
 2 SYSTEMPATH\Database\Config.php(84): CodeIgniter\Database\Database->load()
 3 SYSTEMPATH\Model.php(155): CodeIgniter\Database\Config::connect()
 4 SYSTEMPATH\Config\Factories.php(235): CodeIgniter\Model->__construct()
 5 SYSTEMPATH\Config\Factories.php(169): CodeIgniter\Config\Factories::createInstance()
 6 SYSTEMPATH\Common.php(802): CodeIgniter\Config\Factories::__callStatic()
 7 APPPATH\Controllers\FoodmartController.php(6): model()
 8 SYSTEMPATH\CodeIgniter.php(933): App\Controllers\FoodmartController->index()
 9 SYSTEMPATH\CodeIgniter.php(509): CodeIgniter\CodeIgniter->runController()
10 SYSTEMPATH\CodeIgniter.php(355): CodeIgniter\CodeIgniter->handleRequest()
11 SYSTEMPATH\Boot.php(325): CodeIgniter\CodeIgniter->run()
12 SYSTEMPATH\Boot.php(67): CodeIgniter\Boot::runCodeIgniter()
13 FCPATH\index.php(56): CodeIgniter\Boot::bootWeb()
14 SYSTEMPATH\rewrite.php(44): require_once('C:\\Users\\User\\OneDrive - Institut Teknologi Bandung\\TST\\codeigniter4-framework-v4.5.5-0-g2849e7f\\codeigniter4-framework-2849e7f\\public\\index.php')
CRITICAL - 2024-11-17 01:46:45 --> Error: Undefined constant "CodeIgniter\Database\MySQLi\MYSQLI_STORE_RESULT"
[Method: GET, Route: foodmart]
in SYSTEMPATH\Database\Database.php on line 143.
 1 SYSTEMPATH\Database\Database.php(61): CodeIgniter\Database\Database->initDriver()
 2 SYSTEMPATH\Database\Config.php(84): CodeIgniter\Database\Database->load()
 3 SYSTEMPATH\Model.php(155): CodeIgniter\Database\Config::connect()
 4 SYSTEMPATH\Config\Factories.php(235): CodeIgniter\Model->__construct()
 5 SYSTEMPATH\Config\Factories.php(169): CodeIgniter\Config\Factories::createInstance()
 6 SYSTEMPATH\Common.php(802): CodeIgniter\Config\Factories::__callStatic()
 7 APPPATH\Controllers\FoodmartController.php(6): model()
 8 SYSTEMPATH\CodeIgniter.php(933): App\Controllers\FoodmartController->index()
 9 SYSTEMPATH\CodeIgniter.php(509): CodeIgniter\CodeIgniter->runController()
10 SYSTEMPATH\CodeIgniter.php(355): CodeIgniter\CodeIgniter->handleRequest()
11 SYSTEMPATH\Boot.php(325): CodeIgniter\CodeIgniter->run()
12 SYSTEMPATH\Boot.php(67): CodeIgniter\Boot::runCodeIgniter()
13 FCPATH\index.php(56): CodeIgniter\Boot::bootWeb()
14 SYSTEMPATH\rewrite.php(44): require_once('C:\\Users\\User\\OneDrive - Institut Teknologi Bandung\\TST\\codeigniter4-framework-v4.5.5-0-g2849e7f\\codeigniter4-framework-2849e7f\\public\\index.php')
CRITICAL - 2024-11-17 01:48:09 --> Error: Undefined constant "CodeIgniter\Database\MySQLi\MYSQLI_STORE_RESULT"
[Method: GET, Route: foodmart]
in SYSTEMPATH\Database\Database.php on line 143.
 1 SYSTEMPATH\Database\Database.php(61): CodeIgniter\Database\Database->initDriver()
 2 SYSTEMPATH\Database\Config.php(84): CodeIgniter\Database\Database->load()
 3 SYSTEMPATH\Model.php(155): CodeIgniter\Database\Config::connect()
 4 SYSTEMPATH\Config\Factories.php(235): CodeIgniter\Model->__construct()
 5 SYSTEMPATH\Config\Factories.php(169): CodeIgniter\Config\Factories::createInstance()
 6 SYSTEMPATH\Common.php(802): CodeIgniter\Config\Factories::__callStatic()
 7 APPPATH\Controllers\FoodmartController.php(6): model()
 8 SYSTEMPATH\CodeIgniter.php(933): App\Controllers\FoodmartController->index()
 9 SYSTEMPATH\CodeIgniter.php(509): CodeIgniter\CodeIgniter->runController()
10 SYSTEMPATH\CodeIgniter.php(355): CodeIgniter\CodeIgniter->handleRequest()
11 SYSTEMPATH\Boot.php(325): CodeIgniter\CodeIgniter->run()
12 SYSTEMPATH\Boot.php(67): CodeIgniter\Boot::runCodeIgniter()
13 FCPATH\index.php(56): CodeIgniter\Boot::bootWeb()
14 SYSTEMPATH\rewrite.php(44): require_once('C:\\Users\\User\\OneDrive - Institut Teknologi Bandung\\TST\\codeigniter4-framework-v4.5.5-0-g2849e7f\\codeigniter4-framework-2849e7f\\public\\index.php')
CRITICAL - 2024-11-17 01:54:44 --> Error: Undefined constant "CodeIgniter\Database\MySQLi\MYSQLI_STORE_RESULT"
[Method: GET, Route: foodmart]
in SYSTEMPATH\Database\Database.php on line 143.
 1 SYSTEMPATH\Database\Database.php(61): CodeIgniter\Database\Database->initDriver()
 2 SYSTEMPATH\Database\Config.php(84): CodeIgniter\Database\Database->load()
 3 SYSTEMPATH\Model.php(155): CodeIgniter\Database\Config::connect()
 4 SYSTEMPATH\Config\Factories.php(235): CodeIgniter\Model->__construct()
 5 SYSTEMPATH\Config\Factories.php(169): CodeIgniter\Config\Factories::createInstance()
 6 SYSTEMPATH\Common.php(802): CodeIgniter\Config\Factories::__callStatic()
 7 APPPATH\Controllers\FoodmartController.php(6): model()
 8 SYSTEMPATH\CodeIgniter.php(933): App\Controllers\FoodmartController->index()
 9 SYSTEMPATH\CodeIgniter.php(509): CodeIgniter\CodeIgniter->runController()
10 SYSTEMPATH\CodeIgniter.php(355): CodeIgniter\CodeIgniter->handleRequest()
11 SYSTEMPATH\Boot.php(325): CodeIgniter\CodeIgniter->run()
12 SYSTEMPATH\Boot.php(67): CodeIgniter\Boot::runCodeIgniter()
13 FCPATH\index.php(56): CodeIgniter\Boot::bootWeb()
14 SYSTEMPATH\rewrite.php(44): require_once('C:\\Users\\User\\OneDrive - Institut Teknologi Bandung\\TST\\codeigniter4-framework-v4.5.5-0-g2849e7f\\codeigniter4-framework-2849e7f\\public\\index.php')
CRITICAL - 2024-11-17 01:54:46 --> CodeIgniter\View\Exceptions\ViewException: Invalid file: "header.php"
[Method: GET, Route: /]
in SYSTEMPATH\Exceptions\FrameworkException.php on line 41.
 1 SYSTEMPATH\View\View.php(222): CodeIgniter\Exceptions\FrameworkException::forInvalidFile()
 2 SYSTEMPATH\Common.php(1171): CodeIgniter\View\View->render()
 3 APPPATH\Controllers\Home.php(9): view()
 4 SYSTEMPATH\CodeIgniter.php(933): App\Controllers\Home->index()
 5 SYSTEMPATH\CodeIgniter.php(509): CodeIgniter\CodeIgniter->runController()
 6 SYSTEMPATH\CodeIgniter.php(355): CodeIgniter\CodeIgniter->handleRequest()
 7 SYSTEMPATH\Boot.php(325): CodeIgniter\CodeIgniter->run()
 8 SYSTEMPATH\Boot.php(67): CodeIgniter\Boot::runCodeIgniter()
 9 FCPATH\index.php(56): CodeIgniter\Boot::bootWeb()
10 SYSTEMPATH\rewrite.php(44): require_once('C:\\Users\\User\\OneDrive - Institut Teknologi Bandung\\TST\\codeigniter4-framework-v4.5.5-0-g2849e7f\\codeigniter4-framework-2849e7f\\public\\index.php')
CRITICAL - 2024-11-17 02:03:45 --> Error: Undefined constant "CodeIgniter\Database\MySQLi\MYSQLI_STORE_RESULT"
[Method: GET, Route: foodmart]
in SYSTEMPATH\Database\Database.php on line 143.
 1 SYSTEMPATH\Database\Database.php(61): CodeIgniter\Database\Database->initDriver()
 2 SYSTEMPATH\Database\Config.php(84): CodeIgniter\Database\Database->load()
 3 SYSTEMPATH\Model.php(155): CodeIgniter\Database\Config::connect()
 4 SYSTEMPATH\Config\Factories.php(235): CodeIgniter\Model->__construct()
 5 SYSTEMPATH\Config\Factories.php(169): CodeIgniter\Config\Factories::createInstance()
 6 SYSTEMPATH\Common.php(802): CodeIgniter\Config\Factories::__callStatic()
 7 APPPATH\Controllers\FoodmartController.php(6): model()
 8 SYSTEMPATH\CodeIgniter.php(933): App\Controllers\FoodmartController->index()
 9 SYSTEMPATH\CodeIgniter.php(509): CodeIgniter\CodeIgniter->runController()
10 SYSTEMPATH\CodeIgniter.php(355): CodeIgniter\CodeIgniter->handleRequest()
11 SYSTEMPATH\Boot.php(325): CodeIgniter\CodeIgniter->run()
12 SYSTEMPATH\Boot.php(67): CodeIgniter\Boot::runCodeIgniter()
13 FCPATH\index.php(56): CodeIgniter\Boot::bootWeb()
14 SYSTEMPATH\rewrite.php(44): require_once('C:\\Users\\User\\OneDrive - Institut Teknologi Bandung\\TST\\codeigniter4-framework-v4.5.5-0-g2849e7f\\codeigniter4-framework-2849e7f\\public\\index.php')
CRITICAL - 2024-11-17 02:03:51 --> Error: Undefined constant "CodeIgniter\Database\MySQLi\MYSQLI_STORE_RESULT"
[Method: GET, Route: foodmart]
in SYSTEMPATH\Database\Database.php on line 143.
 1 SYSTEMPATH\Database\Database.php(61): CodeIgniter\Database\Database->initDriver()
 2 SYSTEMPATH\Database\Config.php(84): CodeIgniter\Database\Database->load()
 3 SYSTEMPATH\Model.php(155): CodeIgniter\Database\Config::connect()
 4 SYSTEMPATH\Config\Factories.php(235): CodeIgniter\Model->__construct()
 5 SYSTEMPATH\Config\Factories.php(169): CodeIgniter\Config\Factories::createInstance()
 6 SYSTEMPATH\Common.php(802): CodeIgniter\Config\Factories::__callStatic()
 7 APPPATH\Controllers\FoodmartController.php(6): model()
 8 SYSTEMPATH\CodeIgniter.php(933): App\Controllers\FoodmartController->index()
 9 SYSTEMPATH\CodeIgniter.php(509): CodeIgniter\CodeIgniter->runController()
10 SYSTEMPATH\CodeIgniter.php(355): CodeIgniter\CodeIgniter->handleRequest()
11 SYSTEMPATH\Boot.php(325): CodeIgniter\CodeIgniter->run()
12 SYSTEMPATH\Boot.php(67): CodeIgniter\Boot::runCodeIgniter()
13 FCPATH\index.php(56): CodeIgniter\Boot::bootWeb()
14 SYSTEMPATH\rewrite.php(44): require_once('C:\\Users\\User\\OneDrive - Institut Teknologi Bandung\\TST\\codeigniter4-framework-v4.5.5-0-g2849e7f\\codeigniter4-framework-2849e7f\\public\\index.php')
CRITICAL - 2024-11-17 02:04:52 --> Error: Undefined constant "CodeIgniter\Database\MySQLi\MYSQLI_STORE_RESULT"
[Method: GET, Route: foodmart]
in SYSTEMPATH\Database\Database.php on line 143.
 1 SYSTEMPATH\Database\Database.php(61): CodeIgniter\Database\Database->initDriver()
 2 SYSTEMPATH\Database\Config.php(84): CodeIgniter\Database\Database->load()
 3 SYSTEMPATH\Model.php(155): CodeIgniter\Database\Config::connect()
 4 SYSTEMPATH\Config\Factories.php(235): CodeIgniter\Model->__construct()
 5 SYSTEMPATH\Config\Factories.php(169): CodeIgniter\Config\Factories::createInstance()
 6 SYSTEMPATH\Common.php(802): CodeIgniter\Config\Factories::__callStatic()
 7 APPPATH\Controllers\FoodmartController.php(6): model()
 8 SYSTEMPATH\CodeIgniter.php(933): App\Controllers\FoodmartController->index()
 9 SYSTEMPATH\CodeIgniter.php(509): CodeIgniter\CodeIgniter->runController()
10 SYSTEMPATH\CodeIgniter.php(355): CodeIgniter\CodeIgniter->handleRequest()
11 SYSTEMPATH\Boot.php(325): CodeIgniter\CodeIgniter->run()
12 SYSTEMPATH\Boot.php(67): CodeIgniter\Boot::runCodeIgniter()
13 FCPATH\index.php(56): CodeIgniter\Boot::bootWeb()
14 SYSTEMPATH\rewrite.php(44): require_once('C:\\Users\\User\\OneDrive - Institut Teknologi Bandung\\TST\\codeigniter4-framework-v4.5.5-0-g2849e7f\\codeigniter4-framework-2849e7f\\public\\index.php')
CRITICAL - 2024-11-17 02:08:50 --> Error: Undefined constant "CodeIgniter\Database\MySQLi\MYSQLI_STORE_RESULT"
[Method: GET, Route: foodmart]
in SYSTEMPATH\Database\Database.php on line 143.
 1 SYSTEMPATH\Database\Database.php(61): CodeIgniter\Database\Database->initDriver()
 2 SYSTEMPATH\Database\Config.php(84): CodeIgniter\Database\Database->load()
 3 SYSTEMPATH\Model.php(155): CodeIgniter\Database\Config::connect()
 4 SYSTEMPATH\Config\Factories.php(235): CodeIgniter\Model->__construct()
 5 SYSTEMPATH\Config\Factories.php(169): CodeIgniter\Config\Factories::createInstance()
 6 SYSTEMPATH\Common.php(802): CodeIgniter\Config\Factories::__callStatic()
 7 APPPATH\Controllers\FoodmartController.php(6): model()
 8 SYSTEMPATH\CodeIgniter.php(933): App\Controllers\FoodmartController->index()
 9 SYSTEMPATH\CodeIgniter.php(509): CodeIgniter\CodeIgniter->runController()
10 SYSTEMPATH\CodeIgniter.php(355): CodeIgniter\CodeIgniter->handleRequest()
11 SYSTEMPATH\Boot.php(325): CodeIgniter\CodeIgniter->run()
12 SYSTEMPATH\Boot.php(67): CodeIgniter\Boot::runCodeIgniter()
13 FCPATH\index.php(56): CodeIgniter\Boot::bootWeb()
14 SYSTEMPATH\rewrite.php(44): require_once('C:\\Users\\User\\OneDrive - Institut Teknologi Bandung\\TST\\codeigniter4-framework-v4.5.5-0-g2849e7f\\codeigniter4-framework-2849e7f\\public\\index.php')
CRITICAL - 2024-11-17 02:12:17 --> Error: Undefined constant "CodeIgniter\Database\MySQLi\MYSQLI_STORE_RESULT"
[Method: GET, Route: foodmart]
in SYSTEMPATH\Database\Database.php on line 143.
 1 SYSTEMPATH\Database\Database.php(61): CodeIgniter\Database\Database->initDriver()
 2 SYSTEMPATH\Database\Config.php(84): CodeIgniter\Database\Database->load()
 3 SYSTEMPATH\Model.php(155): CodeIgniter\Database\Config::connect()
 4 SYSTEMPATH\Config\Factories.php(235): CodeIgniter\Model->__construct()
 5 SYSTEMPATH\Config\Factories.php(169): CodeIgniter\Config\Factories::createInstance()
 6 SYSTEMPATH\Common.php(802): CodeIgniter\Config\Factories::__callStatic()
 7 APPPATH\Controllers\FoodmartController.php(6): model()
 8 SYSTEMPATH\CodeIgniter.php(933): App\Controllers\FoodmartController->index()
 9 SYSTEMPATH\CodeIgniter.php(509): CodeIgniter\CodeIgniter->runController()
10 SYSTEMPATH\CodeIgniter.php(355): CodeIgniter\CodeIgniter->handleRequest()
11 SYSTEMPATH\Boot.php(325): CodeIgniter\CodeIgniter->run()
12 SYSTEMPATH\Boot.php(67): CodeIgniter\Boot::runCodeIgniter()
13 FCPATH\index.php(56): CodeIgniter\Boot::bootWeb()
14 SYSTEMPATH\rewrite.php(44): require_once('C:\\Users\\User\\OneDrive - Institut Teknologi Bandung\\TST\\codeigniter4-framework-v4.5.5-0-g2849e7f\\codeigniter4-framework-2849e7f\\public\\index.php')
CRITICAL - 2024-11-17 02:16:24 --> Error: Undefined constant "CodeIgniter\Database\MySQLi\MYSQLI_STORE_RESULT"
[Method: GET, Route: foodmart]
in SYSTEMPATH\Database\Database.php on line 143.
 1 SYSTEMPATH\Database\Database.php(61): CodeIgniter\Database\Database->initDriver()
 2 SYSTEMPATH\Database\Config.php(84): CodeIgniter\Database\Database->load()
 3 SYSTEMPATH\Model.php(155): CodeIgniter\Database\Config::connect()
 4 SYSTEMPATH\Config\Factories.php(235): CodeIgniter\Model->__construct()
 5 SYSTEMPATH\Config\Factories.php(169): CodeIgniter\Config\Factories::createInstance()
 6 SYSTEMPATH\Common.php(802): CodeIgniter\Config\Factories::__callStatic()
 7 APPPATH\Controllers\FoodmartController.php(6): model()
 8 SYSTEMPATH\CodeIgniter.php(933): App\Controllers\FoodmartController->index()
 9 SYSTEMPATH\CodeIgniter.php(509): CodeIgniter\CodeIgniter->runController()
10 SYSTEMPATH\CodeIgniter.php(355): CodeIgniter\CodeIgniter->handleRequest()
11 SYSTEMPATH\Boot.php(325): CodeIgniter\CodeIgniter->run()
12 SYSTEMPATH\Boot.php(67): CodeIgniter\Boot::runCodeIgniter()
13 FCPATH\index.php(56): CodeIgniter\Boot::bootWeb()
14 SYSTEMPATH\rewrite.php(44): require_once('C:\\Users\\User\\OneDrive - Institut Teknologi Bandung\\TST\\codeigniter4-framework-v4.5.5-0-g2849e7f\\codeigniter4-framework-2849e7f\\public\\index.php')
CRITICAL - 2024-11-17 02:20:30 --> Error: Undefined constant "CodeIgniter\Database\MySQLi\MYSQLI_STORE_RESULT"
[Method: GET, Route: foodmart]
in SYSTEMPATH\Database\Database.php on line 143.
 1 SYSTEMPATH\Database\Database.php(61): CodeIgniter\Database\Database->initDriver()
 2 SYSTEMPATH\Database\Config.php(84): CodeIgniter\Database\Database->load()
 3 SYSTEMPATH\Model.php(155): CodeIgniter\Database\Config::connect()
 4 SYSTEMPATH\Config\Factories.php(235): CodeIgniter\Model->__construct()
 5 SYSTEMPATH\Config\Factories.php(169): CodeIgniter\Config\Factories::createInstance()
 6 SYSTEMPATH\Common.php(802): CodeIgniter\Config\Factories::__callStatic()
 7 APPPATH\Controllers\FoodmartController.php(6): model()
 8 SYSTEMPATH\CodeIgniter.php(933): App\Controllers\FoodmartController->index()
 9 SYSTEMPATH\CodeIgniter.php(509): CodeIgniter\CodeIgniter->runController()
10 SYSTEMPATH\CodeIgniter.php(355): CodeIgniter\CodeIgniter->handleRequest()
11 SYSTEMPATH\Boot.php(325): CodeIgniter\CodeIgniter->run()
12 SYSTEMPATH\Boot.php(67): CodeIgniter\Boot::runCodeIgniter()
13 FCPATH\index.php(56): CodeIgniter\Boot::bootWeb()
14 SYSTEMPATH\rewrite.php(44): require_once('C:\\Users\\User\\OneDrive - Institut Teknologi Bandung\\TST\\codeigniter4-framework-v4.5.5-0-g2849e7f\\codeigniter4-framework-2849e7f\\public\\index.php')
CRITICAL - 2024-11-17 02:20:51 --> Error: Undefined constant "CodeIgniter\Database\MySQLi\MYSQLI_STORE_RESULT"
[Method: GET, Route: foodmart]
in SYSTEMPATH\Database\Database.php on line 143.
 1 SYSTEMPATH\Database\Database.php(61): CodeIgniter\Database\Database->initDriver()
 2 SYSTEMPATH\Database\Config.php(84): CodeIgniter\Database\Database->load()
 3 SYSTEMPATH\Model.php(155): CodeIgniter\Database\Config::connect()
 4 SYSTEMPATH\Config\Factories.php(235): CodeIgniter\Model->__construct()
 5 SYSTEMPATH\Config\Factories.php(169): CodeIgniter\Config\Factories::createInstance()
 6 SYSTEMPATH\Common.php(802): CodeIgniter\Config\Factories::__callStatic()
 7 APPPATH\Controllers\FoodmartController.php(6): model()
 8 SYSTEMPATH\CodeIgniter.php(933): App\Controllers\FoodmartController->index()
 9 SYSTEMPATH\CodeIgniter.php(509): CodeIgniter\CodeIgniter->runController()
10 SYSTEMPATH\CodeIgniter.php(355): CodeIgniter\CodeIgniter->handleRequest()
11 SYSTEMPATH\Boot.php(325): CodeIgniter\CodeIgniter->run()
12 SYSTEMPATH\Boot.php(67): CodeIgniter\Boot::runCodeIgniter()
13 FCPATH\index.php(56): CodeIgniter\Boot::bootWeb()
14 SYSTEMPATH\rewrite.php(44): require_once('C:\\Users\\User\\OneDrive - Institut Teknologi Bandung\\TST\\codeigniter4-framework-v4.5.5-0-g2849e7f\\codeigniter4-framework-2849e7f\\public\\index.php')
CRITICAL - 2024-11-17 02:20:54 --> Error: Undefined constant "CodeIgniter\Database\MySQLi\MYSQLI_STORE_RESULT"
[Method: GET, Route: foodmart]
in SYSTEMPATH\Database\Database.php on line 143.
 1 SYSTEMPATH\Database\Database.php(61): CodeIgniter\Database\Database->initDriver()
 2 SYSTEMPATH\Database\Config.php(84): CodeIgniter\Database\Database->load()
 3 SYSTEMPATH\Model.php(155): CodeIgniter\Database\Config::connect()
 4 SYSTEMPATH\Config\Factories.php(235): CodeIgniter\Model->__construct()
 5 SYSTEMPATH\Config\Factories.php(169): CodeIgniter\Config\Factories::createInstance()
 6 SYSTEMPATH\Common.php(802): CodeIgniter\Config\Factories::__callStatic()
 7 APPPATH\Controllers\FoodmartController.php(6): model()
 8 SYSTEMPATH\CodeIgniter.php(933): App\Controllers\FoodmartController->index()
 9 SYSTEMPATH\CodeIgniter.php(509): CodeIgniter\CodeIgniter->runController()
10 SYSTEMPATH\CodeIgniter.php(355): CodeIgniter\CodeIgniter->handleRequest()
11 SYSTEMPATH\Boot.php(325): CodeIgniter\CodeIgniter->run()
12 SYSTEMPATH\Boot.php(67): CodeIgniter\Boot::runCodeIgniter()
13 FCPATH\index.php(56): CodeIgniter\Boot::bootWeb()
14 SYSTEMPATH\rewrite.php(44): require_once('C:\\Users\\User\\OneDrive - Institut Teknologi Bandung\\TST\\codeigniter4-framework-v4.5.5-0-g2849e7f\\codeigniter4-framework-2849e7f\\public\\index.php')
ERROR - 2024-11-17 02:42:40 --> Error connecting to the database: mysqli_sql_exception: Access denied for user 'root'@'localhost' (using password: YES) in C:\Users\User\OneDrive - Institut Teknologi Bandung\TST\codeigniter4-framework-v4.5.5-0-g2849e7f\codeigniter4-framework-2849e7f\system\Database\MySQLi\Connection.php:186
Stack trace:
#0 C:\Users\User\OneDrive - Institut Teknologi Bandung\TST\codeigniter4-framework-v4.5.5-0-g2849e7f\codeigniter4-framework-2849e7f\system\Database\MySQLi\Connection.php(186): mysqli->real_connect()
#1 C:\Users\User\OneDrive - Institut Teknologi Bandung\TST\codeigniter4-framework-v4.5.5-0-g2849e7f\codeigniter4-framework-2849e7f\system\Database\BaseConnection.php(421): CodeIgniter\Database\MySQLi\Connection->connect()
#2 C:\Users\User\OneDrive - Institut Teknologi Bandung\TST\codeigniter4-framework-v4.5.5-0-g2849e7f\codeigniter4-framework-2849e7f\system\Database\BaseConnection.php(616): CodeIgniter\Database\BaseConnection->initialize()
#3 C:\Users\User\OneDrive - Institut Teknologi Bandung\TST\codeigniter4-framework-v4.5.5-0-g2849e7f\codeigniter4-framework-2849e7f\system\Database\BaseBuilder.php(1644): CodeIgniter\Database\BaseConnection->query()
#4 C:\Users\User\OneDrive - Institut Teknologi Bandung\TST\codeigniter4-framework-v4.5.5-0-g2849e7f\codeigniter4-framework-2849e7f\system\Model.php(286): CodeIgniter\Database\BaseBuilder->get()
#5 C:\Users\User\OneDrive - Institut Teknologi Bandung\TST\codeigniter4-framework-v4.5.5-0-g2849e7f\codeigniter4-framework-2849e7f\system\BaseModel.php(676): CodeIgniter\Model->doFindAll()
#6 C:\Users\User\OneDrive - Institut Teknologi Bandung\TST\codeigniter4-framework-v4.5.5-0-g2849e7f\codeigniter4-framework-2849e7f\app\Models\Foodmart.php(7): CodeIgniter\BaseModel->findAll()
#7 C:\Users\User\OneDrive - Institut Teknologi Bandung\TST\codeigniter4-framework-v4.5.5-0-g2849e7f\codeigniter4-framework-2849e7f\app\Controllers\FoodmartController.php(7): App\Models\Foodmart->getDataFoodmart()
#8 C:\Users\User\OneDrive - Institut Teknologi Bandung\TST\codeigniter4-framework-v4.5.5-0-g2849e7f\codeigniter4-framework-2849e7f\system\CodeIgniter.php(933): App\Controllers\FoodmartController->index()
#9 C:\Users\User\OneDrive - Institut Teknologi Bandung\TST\codeigniter4-framework-v4.5.5-0-g2849e7f\codeigniter4-framework-2849e7f\system\CodeIgniter.php(509): CodeIgniter\CodeIgniter->runController()
#10 C:\Users\User\OneDrive - Institut Teknologi Bandung\TST\codeigniter4-framework-v4.5.5-0-g2849e7f\codeigniter4-framework-2849e7f\system\CodeIgniter.php(355): CodeIgniter\CodeIgniter->handleRequest()
#11 C:\Users\User\OneDrive - Institut Teknologi Bandung\TST\codeigniter4-framework-v4.5.5-0-g2849e7f\codeigniter4-framework-2849e7f\system\Boot.php(325): CodeIgniter\CodeIgniter->run()
#12 C:\Users\User\OneDrive - Institut Teknologi Bandung\TST\codeigniter4-framework-v4.5.5-0-g2849e7f\codeigniter4-framework-2849e7f\system\Boot.php(67): CodeIgniter\Boot::runCodeIgniter()
#13 C:\Users\User\OneDrive - Institut Teknologi Bandung\TST\codeigniter4-framework-v4.5.5-0-g2849e7f\codeigniter4-framework-2849e7f\public\index.php(56): CodeIgniter\Boot::bootWeb()
#14 C:\Users\User\OneDrive - Institut Teknologi Bandung\TST\codeigniter4-framework-v4.5.5-0-g2849e7f\codeigniter4-framework-2849e7f\system\rewrite.php(44): require_once('...')
#15 {main}

Next CodeIgniter\Database\Exceptions\DatabaseException: Access denied for user '****'@'localhost' (using password: YES) in C:\Users\User\OneDrive - Institut Teknologi Bandung\TST\codeigniter4-framework-v4.5.5-0-g2849e7f\codeigniter4-framework-2849e7f\system\Database\MySQLi\Connection.php:231
Stack trace:
#0 C:\Users\User\OneDrive - Institut Teknologi Bandung\TST\codeigniter4-framework-v4.5.5-0-g2849e7f\codeigniter4-framework-2849e7f\system\Database\BaseConnection.php(421): CodeIgniter\Database\MySQLi\Connection->connect()
#1 C:\Users\User\OneDrive - Institut Teknologi Bandung\TST\codeigniter4-framework-v4.5.5-0-g2849e7f\codeigniter4-framework-2849e7f\system\Database\BaseConnection.php(616): CodeIgniter\Database\BaseConnection->initialize()
#2 C:\Users\User\OneDrive - Institut Teknologi Bandung\TST\codeigniter4-framework-v4.5.5-0-g2849e7f\codeigniter4-framework-2849e7f\system\Database\BaseBuilder.php(1644): CodeIgniter\Database\BaseConnection->query()
#3 C:\Users\User\OneDrive - Institut Teknologi Bandung\TST\codeigniter4-framework-v4.5.5-0-g2849e7f\codeigniter4-framework-2849e7f\system\Model.php(286): CodeIgniter\Database\BaseBuilder->get()
#4 C:\Users\User\OneDrive - Institut Teknologi Bandung\TST\codeigniter4-framework-v4.5.5-0-g2849e7f\codeigniter4-framework-2849e7f\system\BaseModel.php(676): CodeIgniter\Model->doFindAll()
#5 C:\Users\User\OneDrive - Institut Teknologi Bandung\TST\codeigniter4-framework-v4.5.5-0-g2849e7f\codeigniter4-framework-2849e7f\app\Models\Foodmart.php(7): CodeIgniter\BaseModel->findAll()
#6 C:\Users\User\OneDrive - Institut Teknologi Bandung\TST\codeigniter4-framework-v4.5.5-0-g2849e7f\codeigniter4-framework-2849e7f\app\Controllers\FoodmartController.php(7): App\Models\Foodmart->getDataFoodmart()
#7 C:\Users\User\OneDrive - Institut Teknologi Bandung\TST\codeigniter4-framework-v4.5.5-0-g2849e7f\codeigniter4-framework-2849e7f\system\CodeIgniter.php(933): App\Controllers\FoodmartController->index()
#8 C:\Users\User\OneDrive - Institut Teknologi Bandung\TST\codeigniter4-framework-v4.5.5-0-g2849e7f\codeigniter4-framework-2849e7f\system\CodeIgniter.php(509): CodeIgniter\CodeIgniter->runController()
#9 C:\Users\User\OneDrive - Institut Teknologi Bandung\TST\codeigniter4-framework-v4.5.5-0-g2849e7f\codeigniter4-framework-2849e7f\system\CodeIgniter.php(355): CodeIgniter\CodeIgniter->handleRequest()
#10 C:\Users\User\OneDrive - Institut Teknologi Bandung\TST\codeigniter4-framework-v4.5.5-0-g2849e7f\codeigniter4-framework-2849e7f\system\Boot.php(325): CodeIgniter\CodeIgniter->run()
#11 C:\Users\User\OneDrive - Institut Teknologi Bandung\TST\codeigniter4-framework-v4.5.5-0-g2849e7f\codeigniter4-framework-2849e7f\system\Boot.php(67): CodeIgniter\Boot::runCodeIgniter()
#12 C:\Users\User\OneDrive - Institut Teknologi Bandung\TST\codeigniter4-framework-v4.5.5-0-g2849e7f\codeigniter4-framework-2849e7f\public\index.php(56): CodeIgniter\Boot::bootWeb()
#13 C:\Users\User\OneDrive - Institut Teknologi Bandung\TST\codeigniter4-framework-v4.5.5-0-g2849e7f\codeigniter4-framework-2849e7f\system\rewrite.php(44): require_once('...')
#14 {main}
CRITICAL - 2024-11-17 02:42:40 --> CodeIgniter\Database\Exceptions\DatabaseException: Unable to connect to the database.
Main connection [MySQLi]: Access denied for user '****'@'localhost' (using password: YES)
[Method: GET, Route: foodmart]
in SYSTEMPATH\Database\BaseConnection.php on line 467.
 1 SYSTEMPATH\Database\BaseConnection.php(616): CodeIgniter\Database\BaseConnection->initialize()
 2 SYSTEMPATH\Database\BaseBuilder.php(1644): CodeIgniter\Database\BaseConnection->query()
 3 SYSTEMPATH\Model.php(286): CodeIgniter\Database\BaseBuilder->get()
 4 SYSTEMPATH\BaseModel.php(676): CodeIgniter\Model->doFindAll()
 5 APPPATH\Models\Foodmart.php(7): CodeIgniter\BaseModel->findAll()
 6 APPPATH\Controllers\FoodmartController.php(7): App\Models\Foodmart->getDataFoodmart()
 7 SYSTEMPATH\CodeIgniter.php(933): App\Controllers\FoodmartController->index()
 8 SYSTEMPATH\CodeIgniter.php(509): CodeIgniter\CodeIgniter->runController()
 9 SYSTEMPATH\CodeIgniter.php(355): CodeIgniter\CodeIgniter->handleRequest()
10 SYSTEMPATH\Boot.php(325): CodeIgniter\CodeIgniter->run()
11 SYSTEMPATH\Boot.php(67): CodeIgniter\Boot::runCodeIgniter()
12 FCPATH\index.php(56): CodeIgniter\Boot::bootWeb()
13 SYSTEMPATH\rewrite.php(44): require_once('C:\\Users\\User\\OneDrive - Institut Teknologi Bandung\\TST\\codeigniter4-framework-v4.5.5-0-g2849e7f\\codeigniter4-framework-2849e7f\\public\\index.php')
ERROR - 2024-11-17 02:56:14 --> Error connecting to the database: mysqli_sql_exception: Access denied for user 'root'@'localhost' (using password: YES) in C:\Users\User\OneDrive - Institut Teknologi Bandung\TST\codeigniter4-framework-v4.5.5-0-g2849e7f\codeigniter4-framework-2849e7f\system\Database\MySQLi\Connection.php:186
Stack trace:
#0 C:\Users\User\OneDrive - Institut Teknologi Bandung\TST\codeigniter4-framework-v4.5.5-0-g2849e7f\codeigniter4-framework-2849e7f\system\Database\MySQLi\Connection.php(186): mysqli->real_connect()
#1 C:\Users\User\OneDrive - Institut Teknologi Bandung\TST\codeigniter4-framework-v4.5.5-0-g2849e7f\codeigniter4-framework-2849e7f\system\Database\BaseConnection.php(421): CodeIgniter\Database\MySQLi\Connection->connect()
#2 C:\Users\User\OneDrive - Institut Teknologi Bandung\TST\codeigniter4-framework-v4.5.5-0-g2849e7f\codeigniter4-framework-2849e7f\system\Database\BaseConnection.php(616): CodeIgniter\Database\BaseConnection->initialize()
#3 C:\Users\User\OneDrive - Institut Teknologi Bandung\TST\codeigniter4-framework-v4.5.5-0-g2849e7f\codeigniter4-framework-2849e7f\system\Database\BaseBuilder.php(1644): CodeIgniter\Database\BaseConnection->query()
#4 C:\Users\User\OneDrive - Institut Teknologi Bandung\TST\codeigniter4-framework-v4.5.5-0-g2849e7f\codeigniter4-framework-2849e7f\system\Model.php(286): CodeIgniter\Database\BaseBuilder->get()
#5 C:\Users\User\OneDrive - Institut Teknologi Bandung\TST\codeigniter4-framework-v4.5.5-0-g2849e7f\codeigniter4-framework-2849e7f\system\BaseModel.php(676): CodeIgniter\Model->doFindAll()
#6 C:\Users\User\OneDrive - Institut Teknologi Bandung\TST\codeigniter4-framework-v4.5.5-0-g2849e7f\codeigniter4-framework-2849e7f\app\Models\Foodmart.php(7): CodeIgniter\BaseModel->findAll()
#7 C:\Users\User\OneDrive - Institut Teknologi Bandung\TST\codeigniter4-framework-v4.5.5-0-g2849e7f\codeigniter4-framework-2849e7f\app\Controllers\FoodmartController.php(7): App\Models\Foodmart->getDataFoodmart()
#8 C:\Users\User\OneDrive - Institut Teknologi Bandung\TST\codeigniter4-framework-v4.5.5-0-g2849e7f\codeigniter4-framework-2849e7f\system\CodeIgniter.php(933): App\Controllers\FoodmartController->index()
#9 C:\Users\User\OneDrive - Institut Teknologi Bandung\TST\codeigniter4-framework-v4.5.5-0-g2849e7f\codeigniter4-framework-2849e7f\system\CodeIgniter.php(509): CodeIgniter\CodeIgniter->runController()
#10 C:\Users\User\OneDrive - Institut Teknologi Bandung\TST\codeigniter4-framework-v4.5.5-0-g2849e7f\codeigniter4-framework-2849e7f\system\CodeIgniter.php(355): CodeIgniter\CodeIgniter->handleRequest()
#11 C:\Users\User\OneDrive - Institut Teknologi Bandung\TST\codeigniter4-framework-v4.5.5-0-g2849e7f\codeigniter4-framework-2849e7f\system\Boot.php(325): CodeIgniter\CodeIgniter->run()
#12 C:\Users\User\OneDrive - Institut Teknologi Bandung\TST\codeigniter4-framework-v4.5.5-0-g2849e7f\codeigniter4-framework-2849e7f\system\Boot.php(67): CodeIgniter\Boot::runCodeIgniter()
#13 C:\Users\User\OneDrive - Institut Teknologi Bandung\TST\codeigniter4-framework-v4.5.5-0-g2849e7f\codeigniter4-framework-2849e7f\public\index.php(56): CodeIgniter\Boot::bootWeb()
#14 C:\Users\User\OneDrive - Institut Teknologi Bandung\TST\codeigniter4-framework-v4.5.5-0-g2849e7f\codeigniter4-framework-2849e7f\system\rewrite.php(44): require_once('...')
#15 {main}

Next CodeIgniter\Database\Exceptions\DatabaseException: Access denied for user '****'@'localhost' (using password: YES) in C:\Users\User\OneDrive - Institut Teknologi Bandung\TST\codeigniter4-framework-v4.5.5-0-g2849e7f\codeigniter4-framework-2849e7f\system\Database\MySQLi\Connection.php:231
Stack trace:
#0 C:\Users\User\OneDrive - Institut Teknologi Bandung\TST\codeigniter4-framework-v4.5.5-0-g2849e7f\codeigniter4-framework-2849e7f\system\Database\BaseConnection.php(421): CodeIgniter\Database\MySQLi\Connection->connect()
#1 C:\Users\User\OneDrive - Institut Teknologi Bandung\TST\codeigniter4-framework-v4.5.5-0-g2849e7f\codeigniter4-framework-2849e7f\system\Database\BaseConnection.php(616): CodeIgniter\Database\BaseConnection->initialize()
#2 C:\Users\User\OneDrive - Institut Teknologi Bandung\TST\codeigniter4-framework-v4.5.5-0-g2849e7f\codeigniter4-framework-2849e7f\system\Database\BaseBuilder.php(1644): CodeIgniter\Database\BaseConnection->query()
#3 C:\Users\User\OneDrive - Institut Teknologi Bandung\TST\codeigniter4-framework-v4.5.5-0-g2849e7f\codeigniter4-framework-2849e7f\system\Model.php(286): CodeIgniter\Database\BaseBuilder->get()
#4 C:\Users\User\OneDrive - Institut Teknologi Bandung\TST\codeigniter4-framework-v4.5.5-0-g2849e7f\codeigniter4-framework-2849e7f\system\BaseModel.php(676): CodeIgniter\Model->doFindAll()
#5 C:\Users\User\OneDrive - Institut Teknologi Bandung\TST\codeigniter4-framework-v4.5.5-0-g2849e7f\codeigniter4-framework-2849e7f\app\Models\Foodmart.php(7): CodeIgniter\BaseModel->findAll()
#6 C:\Users\User\OneDrive - Institut Teknologi Bandung\TST\codeigniter4-framework-v4.5.5-0-g2849e7f\codeigniter4-framework-2849e7f\app\Controllers\FoodmartController.php(7): App\Models\Foodmart->getDataFoodmart()
#7 C:\Users\User\OneDrive - Institut Teknologi Bandung\TST\codeigniter4-framework-v4.5.5-0-g2849e7f\codeigniter4-framework-2849e7f\system\CodeIgniter.php(933): App\Controllers\FoodmartController->index()
#8 C:\Users\User\OneDrive - Institut Teknologi Bandung\TST\codeigniter4-framework-v4.5.5-0-g2849e7f\codeigniter4-framework-2849e7f\system\CodeIgniter.php(509): CodeIgniter\CodeIgniter->runController()
#9 C:\Users\User\OneDrive - Institut Teknologi Bandung\TST\codeigniter4-framework-v4.5.5-0-g2849e7f\codeigniter4-framework-2849e7f\system\CodeIgniter.php(355): CodeIgniter\CodeIgniter->handleRequest()
#10 C:\Users\User\OneDrive - Institut Teknologi Bandung\TST\codeigniter4-framework-v4.5.5-0-g2849e7f\codeigniter4-framework-2849e7f\system\Boot.php(325): CodeIgniter\CodeIgniter->run()
#11 C:\Users\User\OneDrive - Institut Teknologi Bandung\TST\codeigniter4-framework-v4.5.5-0-g2849e7f\codeigniter4-framework-2849e7f\system\Boot.php(67): CodeIgniter\Boot::runCodeIgniter()
#12 C:\Users\User\OneDrive - Institut Teknologi Bandung\TST\codeigniter4-framework-v4.5.5-0-g2849e7f\codeigniter4-framework-2849e7f\public\index.php(56): CodeIgniter\Boot::bootWeb()
#13 C:\Users\User\OneDrive - Institut Teknologi Bandung\TST\codeigniter4-framework-v4.5.5-0-g2849e7f\codeigniter4-framework-2849e7f\system\rewrite.php(44): require_once('...')
#14 {main}
CRITICAL - 2024-11-17 02:56:14 --> CodeIgniter\Database\Exceptions\DatabaseException: Unable to connect to the database.
Main connection [MySQLi]: Access denied for user '****'@'localhost' (using password: YES)
[Method: GET, Route: foodmart]
in SYSTEMPATH\Database\BaseConnection.php on line 467.
 1 SYSTEMPATH\Database\BaseConnection.php(616): CodeIgniter\Database\BaseConnection->initialize()
 2 SYSTEMPATH\Database\BaseBuilder.php(1644): CodeIgniter\Database\BaseConnection->query()
 3 SYSTEMPATH\Model.php(286): CodeIgniter\Database\BaseBuilder->get()
 4 SYSTEMPATH\BaseModel.php(676): CodeIgniter\Model->doFindAll()
 5 APPPATH\Models\Foodmart.php(7): CodeIgniter\BaseModel->findAll()
 6 APPPATH\Controllers\FoodmartController.php(7): App\Models\Foodmart->getDataFoodmart()
 7 SYSTEMPATH\CodeIgniter.php(933): App\Controllers\FoodmartController->index()
 8 SYSTEMPATH\CodeIgniter.php(509): CodeIgniter\CodeIgniter->runController()
 9 SYSTEMPATH\CodeIgniter.php(355): CodeIgniter\CodeIgniter->handleRequest()
10 SYSTEMPATH\Boot.php(325): CodeIgniter\CodeIgniter->run()
11 SYSTEMPATH\Boot.php(67): CodeIgniter\Boot::runCodeIgniter()
12 FCPATH\index.php(56): CodeIgniter\Boot::bootWeb()
13 SYSTEMPATH\rewrite.php(44): require_once('C:\\Users\\User\\OneDrive - Institut Teknologi Bandung\\TST\\codeigniter4-framework-v4.5.5-0-g2849e7f\\codeigniter4-framework-2849e7f\\public\\index.php')
ERROR - 2024-11-17 03:18:34 --> Error connecting to the database: mysqli_sql_exception: Access denied for user 'root'@'localhost' (using password: YES) in C:\Users\User\OneDrive - Institut Teknologi Bandung\TST\codeigniter4-framework-v4.5.5-0-g2849e7f\codeigniter4-framework-2849e7f\system\Database\MySQLi\Connection.php:186
Stack trace:
#0 C:\Users\User\OneDrive - Institut Teknologi Bandung\TST\codeigniter4-framework-v4.5.5-0-g2849e7f\codeigniter4-framework-2849e7f\system\Database\MySQLi\Connection.php(186): mysqli->real_connect()
#1 C:\Users\User\OneDrive - Institut Teknologi Bandung\TST\codeigniter4-framework-v4.5.5-0-g2849e7f\codeigniter4-framework-2849e7f\system\Database\BaseConnection.php(421): CodeIgniter\Database\MySQLi\Connection->connect()
#2 C:\Users\User\OneDrive - Institut Teknologi Bandung\TST\codeigniter4-framework-v4.5.5-0-g2849e7f\codeigniter4-framework-2849e7f\system\Database\BaseConnection.php(616): CodeIgniter\Database\BaseConnection->initialize()
#3 C:\Users\User\OneDrive - Institut Teknologi Bandung\TST\codeigniter4-framework-v4.5.5-0-g2849e7f\codeigniter4-framework-2849e7f\system\Database\BaseBuilder.php(1644): CodeIgniter\Database\BaseConnection->query()
#4 C:\Users\User\OneDrive - Institut Teknologi Bandung\TST\codeigniter4-framework-v4.5.5-0-g2849e7f\codeigniter4-framework-2849e7f\system\Model.php(286): CodeIgniter\Database\BaseBuilder->get()
#5 C:\Users\User\OneDrive - Institut Teknologi Bandung\TST\codeigniter4-framework-v4.5.5-0-g2849e7f\codeigniter4-framework-2849e7f\system\BaseModel.php(676): CodeIgniter\Model->doFindAll()
#6 C:\Users\User\OneDrive - Institut Teknologi Bandung\TST\codeigniter4-framework-v4.5.5-0-g2849e7f\codeigniter4-framework-2849e7f\app\Models\Foodmart.php(7): CodeIgniter\BaseModel->findAll()
#7 C:\Users\User\OneDrive - Institut Teknologi Bandung\TST\codeigniter4-framework-v4.5.5-0-g2849e7f\codeigniter4-framework-2849e7f\app\Controllers\FoodmartController.php(7): App\Models\Foodmart->getDataFoodmart()
#8 C:\Users\User\OneDrive - Institut Teknologi Bandung\TST\codeigniter4-framework-v4.5.5-0-g2849e7f\codeigniter4-framework-2849e7f\system\CodeIgniter.php(933): App\Controllers\FoodmartController->index()
#9 C:\Users\User\OneDrive - Institut Teknologi Bandung\TST\codeigniter4-framework-v4.5.5-0-g2849e7f\codeigniter4-framework-2849e7f\system\CodeIgniter.php(509): CodeIgniter\CodeIgniter->runController()
#10 C:\Users\User\OneDrive - Institut Teknologi Bandung\TST\codeigniter4-framework-v4.5.5-0-g2849e7f\codeigniter4-framework-2849e7f\system\CodeIgniter.php(355): CodeIgniter\CodeIgniter->handleRequest()
#11 C:\Users\User\OneDrive - Institut Teknologi Bandung\TST\codeigniter4-framework-v4.5.5-0-g2849e7f\codeigniter4-framework-2849e7f\system\Boot.php(325): CodeIgniter\CodeIgniter->run()
#12 C:\Users\User\OneDrive - Institut Teknologi Bandung\TST\codeigniter4-framework-v4.5.5-0-g2849e7f\codeigniter4-framework-2849e7f\system\Boot.php(67): CodeIgniter\Boot::runCodeIgniter()
#13 C:\Users\User\OneDrive - Institut Teknologi Bandung\TST\codeigniter4-framework-v4.5.5-0-g2849e7f\codeigniter4-framework-2849e7f\public\index.php(56): CodeIgniter\Boot::bootWeb()
#14 C:\Users\User\OneDrive - Institut Teknologi Bandung\TST\codeigniter4-framework-v4.5.5-0-g2849e7f\codeigniter4-framework-2849e7f\system\rewrite.php(44): require_once('...')
#15 {main}

Next CodeIgniter\Database\Exceptions\DatabaseException: Access denied for user '****'@'localhost' (using password: YES) in C:\Users\User\OneDrive - Institut Teknologi Bandung\TST\codeigniter4-framework-v4.5.5-0-g2849e7f\codeigniter4-framework-2849e7f\system\Database\MySQLi\Connection.php:231
Stack trace:
#0 C:\Users\User\OneDrive - Institut Teknologi Bandung\TST\codeigniter4-framework-v4.5.5-0-g2849e7f\codeigniter4-framework-2849e7f\system\Database\BaseConnection.php(421): CodeIgniter\Database\MySQLi\Connection->connect()
#1 C:\Users\User\OneDrive - Institut Teknologi Bandung\TST\codeigniter4-framework-v4.5.5-0-g2849e7f\codeigniter4-framework-2849e7f\system\Database\BaseConnection.php(616): CodeIgniter\Database\BaseConnection->initialize()
#2 C:\Users\User\OneDrive - Institut Teknologi Bandung\TST\codeigniter4-framework-v4.5.5-0-g2849e7f\codeigniter4-framework-2849e7f\system\Database\BaseBuilder.php(1644): CodeIgniter\Database\BaseConnection->query()
#3 C:\Users\User\OneDrive - Institut Teknologi Bandung\TST\codeigniter4-framework-v4.5.5-0-g2849e7f\codeigniter4-framework-2849e7f\system\Model.php(286): CodeIgniter\Database\BaseBuilder->get()
#4 C:\Users\User\OneDrive - Institut Teknologi Bandung\TST\codeigniter4-framework-v4.5.5-0-g2849e7f\codeigniter4-framework-2849e7f\system\BaseModel.php(676): CodeIgniter\Model->doFindAll()
#5 C:\Users\User\OneDrive - Institut Teknologi Bandung\TST\codeigniter4-framework-v4.5.5-0-g2849e7f\codeigniter4-framework-2849e7f\app\Models\Foodmart.php(7): CodeIgniter\BaseModel->findAll()
#6 C:\Users\User\OneDrive - Institut Teknologi Bandung\TST\codeigniter4-framework-v4.5.5-0-g2849e7f\codeigniter4-framework-2849e7f\app\Controllers\FoodmartController.php(7): App\Models\Foodmart->getDataFoodmart()
#7 C:\Users\User\OneDrive - Institut Teknologi Bandung\TST\codeigniter4-framework-v4.5.5-0-g2849e7f\codeigniter4-framework-2849e7f\system\CodeIgniter.php(933): App\Controllers\FoodmartController->index()
#8 C:\Users\User\OneDrive - Institut Teknologi Bandung\TST\codeigniter4-framework-v4.5.5-0-g2849e7f\codeigniter4-framework-2849e7f\system\CodeIgniter.php(509): CodeIgniter\CodeIgniter->runController()
#9 C:\Users\User\OneDrive - Institut Teknologi Bandung\TST\codeigniter4-framework-v4.5.5-0-g2849e7f\codeigniter4-framework-2849e7f\system\CodeIgniter.php(355): CodeIgniter\CodeIgniter->handleRequest()
#10 C:\Users\User\OneDrive - Institut Teknologi Bandung\TST\codeigniter4-framework-v4.5.5-0-g2849e7f\codeigniter4-framework-2849e7f\system\Boot.php(325): CodeIgniter\CodeIgniter->run()
#11 C:\Users\User\OneDrive - Institut Teknologi Bandung\TST\codeigniter4-framework-v4.5.5-0-g2849e7f\codeigniter4-framework-2849e7f\system\Boot.php(67): CodeIgniter\Boot::runCodeIgniter()
#12 C:\Users\User\OneDrive - Institut Teknologi Bandung\TST\codeigniter4-framework-v4.5.5-0-g2849e7f\codeigniter4-framework-2849e7f\public\index.php(56): CodeIgniter\Boot::bootWeb()
#13 C:\Users\User\OneDrive - Institut Teknologi Bandung\TST\codeigniter4-framework-v4.5.5-0-g2849e7f\codeigniter4-framework-2849e7f\system\rewrite.php(44): require_once('...')
#14 {main}
CRITICAL - 2024-11-17 03:18:34 --> CodeIgniter\Database\Exceptions\DatabaseException: Unable to connect to the database.
Main connection [MySQLi]: Access denied for user '****'@'localhost' (using password: YES)
[Method: GET, Route: foodmart]
in SYSTEMPATH\Database\BaseConnection.php on line 467.
 1 SYSTEMPATH\Database\BaseConnection.php(616): CodeIgniter\Database\BaseConnection->initialize()
 2 SYSTEMPATH\Database\BaseBuilder.php(1644): CodeIgniter\Database\BaseConnection->query()
 3 SYSTEMPATH\Model.php(286): CodeIgniter\Database\BaseBuilder->get()
 4 SYSTEMPATH\BaseModel.php(676): CodeIgniter\Model->doFindAll()
 5 APPPATH\Models\Foodmart.php(7): CodeIgniter\BaseModel->findAll()
 6 APPPATH\Controllers\FoodmartController.php(7): App\Models\Foodmart->getDataFoodmart()
 7 SYSTEMPATH\CodeIgniter.php(933): App\Controllers\FoodmartController->index()
 8 SYSTEMPATH\CodeIgniter.php(509): CodeIgniter\CodeIgniter->runController()
 9 SYSTEMPATH\CodeIgniter.php(355): CodeIgniter\CodeIgniter->handleRequest()
10 SYSTEMPATH\Boot.php(325): CodeIgniter\CodeIgniter->run()
11 SYSTEMPATH\Boot.php(67): CodeIgniter\Boot::runCodeIgniter()
12 FCPATH\index.php(56): CodeIgniter\Boot::bootWeb()
13 SYSTEMPATH\rewrite.php(44): require_once('C:\\Users\\User\\OneDrive - Institut Teknologi Bandung\\TST\\codeigniter4-framework-v4.5.5-0-g2849e7f\\codeigniter4-framework-2849e7f\\public\\index.php')
ERROR - 2024-11-17 03:19:42 --> Error connecting to the database: mysqli_sql_exception: Access denied for user 'root'@'localhost' (using password: YES) in C:\Users\User\OneDrive - Institut Teknologi Bandung\TST\codeigniter4-framework-v4.5.5-0-g2849e7f\codeigniter4-framework-2849e7f\system\Database\MySQLi\Connection.php:186
Stack trace:
#0 C:\Users\User\OneDrive - Institut Teknologi Bandung\TST\codeigniter4-framework-v4.5.5-0-g2849e7f\codeigniter4-framework-2849e7f\system\Database\MySQLi\Connection.php(186): mysqli->real_connect()
#1 C:\Users\User\OneDrive - Institut Teknologi Bandung\TST\codeigniter4-framework-v4.5.5-0-g2849e7f\codeigniter4-framework-2849e7f\system\Database\BaseConnection.php(421): CodeIgniter\Database\MySQLi\Connection->connect()
#2 C:\Users\User\OneDrive - Institut Teknologi Bandung\TST\codeigniter4-framework-v4.5.5-0-g2849e7f\codeigniter4-framework-2849e7f\system\Database\BaseConnection.php(616): CodeIgniter\Database\BaseConnection->initialize()
#3 C:\Users\User\OneDrive - Institut Teknologi Bandung\TST\codeigniter4-framework-v4.5.5-0-g2849e7f\codeigniter4-framework-2849e7f\system\Database\BaseBuilder.php(1644): CodeIgniter\Database\BaseConnection->query()
#4 C:\Users\User\OneDrive - Institut Teknologi Bandung\TST\codeigniter4-framework-v4.5.5-0-g2849e7f\codeigniter4-framework-2849e7f\system\Model.php(286): CodeIgniter\Database\BaseBuilder->get()
#5 C:\Users\User\OneDrive - Institut Teknologi Bandung\TST\codeigniter4-framework-v4.5.5-0-g2849e7f\codeigniter4-framework-2849e7f\system\BaseModel.php(676): CodeIgniter\Model->doFindAll()
#6 C:\Users\User\OneDrive - Institut Teknologi Bandung\TST\codeigniter4-framework-v4.5.5-0-g2849e7f\codeigniter4-framework-2849e7f\app\Models\Foodmart.php(7): CodeIgniter\BaseModel->findAll()
#7 C:\Users\User\OneDrive - Institut Teknologi Bandung\TST\codeigniter4-framework-v4.5.5-0-g2849e7f\codeigniter4-framework-2849e7f\app\Controllers\FoodmartController.php(7): App\Models\Foodmart->getDataFoodmart()
#8 C:\Users\User\OneDrive - Institut Teknologi Bandung\TST\codeigniter4-framework-v4.5.5-0-g2849e7f\codeigniter4-framework-2849e7f\system\CodeIgniter.php(933): App\Controllers\FoodmartController->index()
#9 C:\Users\User\OneDrive - Institut Teknologi Bandung\TST\codeigniter4-framework-v4.5.5-0-g2849e7f\codeigniter4-framework-2849e7f\system\CodeIgniter.php(509): CodeIgniter\CodeIgniter->runController()
#10 C:\Users\User\OneDrive - Institut Teknologi Bandung\TST\codeigniter4-framework-v4.5.5-0-g2849e7f\codeigniter4-framework-2849e7f\system\CodeIgniter.php(355): CodeIgniter\CodeIgniter->handleRequest()
#11 C:\Users\User\OneDrive - Institut Teknologi Bandung\TST\codeigniter4-framework-v4.5.5-0-g2849e7f\codeigniter4-framework-2849e7f\system\Boot.php(325): CodeIgniter\CodeIgniter->run()
#12 C:\Users\User\OneDrive - Institut Teknologi Bandung\TST\codeigniter4-framework-v4.5.5-0-g2849e7f\codeigniter4-framework-2849e7f\system\Boot.php(67): CodeIgniter\Boot::runCodeIgniter()
#13 C:\Users\User\OneDrive - Institut Teknologi Bandung\TST\codeigniter4-framework-v4.5.5-0-g2849e7f\codeigniter4-framework-2849e7f\public\index.php(56): CodeIgniter\Boot::bootWeb()
#14 C:\Users\User\OneDrive - Institut Teknologi Bandung\TST\codeigniter4-framework-v4.5.5-0-g2849e7f\codeigniter4-framework-2849e7f\system\rewrite.php(44): require_once('...')
#15 {main}

Next CodeIgniter\Database\Exceptions\DatabaseException: Access denied for user '****'@'localhost' (using password: YES) in C:\Users\User\OneDrive - Institut Teknologi Bandung\TST\codeigniter4-framework-v4.5.5-0-g2849e7f\codeigniter4-framework-2849e7f\system\Database\MySQLi\Connection.php:231
Stack trace:
#0 C:\Users\User\OneDrive - Institut Teknologi Bandung\TST\codeigniter4-framework-v4.5.5-0-g2849e7f\codeigniter4-framework-2849e7f\system\Database\BaseConnection.php(421): CodeIgniter\Database\MySQLi\Connection->connect()
#1 C:\Users\User\OneDrive - Institut Teknologi Bandung\TST\codeigniter4-framework-v4.5.5-0-g2849e7f\codeigniter4-framework-2849e7f\system\Database\BaseConnection.php(616): CodeIgniter\Database\BaseConnection->initialize()
#2 C:\Users\User\OneDrive - Institut Teknologi Bandung\TST\codeigniter4-framework-v4.5.5-0-g2849e7f\codeigniter4-framework-2849e7f\system\Database\BaseBuilder.php(1644): CodeIgniter\Database\BaseConnection->query()
#3 C:\Users\User\OneDrive - Institut Teknologi Bandung\TST\codeigniter4-framework-v4.5.5-0-g2849e7f\codeigniter4-framework-2849e7f\system\Model.php(286): CodeIgniter\Database\BaseBuilder->get()
#4 C:\Users\User\OneDrive - Institut Teknologi Bandung\TST\codeigniter4-framework-v4.5.5-0-g2849e7f\codeigniter4-framework-2849e7f\system\BaseModel.php(676): CodeIgniter\Model->doFindAll()
#5 C:\Users\User\OneDrive - Institut Teknologi Bandung\TST\codeigniter4-framework-v4.5.5-0-g2849e7f\codeigniter4-framework-2849e7f\app\Models\Foodmart.php(7): CodeIgniter\BaseModel->findAll()
#6 C:\Users\User\OneDrive - Institut Teknologi Bandung\TST\codeigniter4-framework-v4.5.5-0-g2849e7f\codeigniter4-framework-2849e7f\app\Controllers\FoodmartController.php(7): App\Models\Foodmart->getDataFoodmart()
#7 C:\Users\User\OneDrive - Institut Teknologi Bandung\TST\codeigniter4-framework-v4.5.5-0-g2849e7f\codeigniter4-framework-2849e7f\system\CodeIgniter.php(933): App\Controllers\FoodmartController->index()
#8 C:\Users\User\OneDrive - Institut Teknologi Bandung\TST\codeigniter4-framework-v4.5.5-0-g2849e7f\codeigniter4-framework-2849e7f\system\CodeIgniter.php(509): CodeIgniter\CodeIgniter->runController()
#9 C:\Users\User\OneDrive - Institut Teknologi Bandung\TST\codeigniter4-framework-v4.5.5-0-g2849e7f\codeigniter4-framework-2849e7f\system\CodeIgniter.php(355): CodeIgniter\CodeIgniter->handleRequest()
#10 C:\Users\User\OneDrive - Institut Teknologi Bandung\TST\codeigniter4-framework-v4.5.5-0-g2849e7f\codeigniter4-framework-2849e7f\system\Boot.php(325): CodeIgniter\CodeIgniter->run()
#11 C:\Users\User\OneDrive - Institut Teknologi Bandung\TST\codeigniter4-framework-v4.5.5-0-g2849e7f\codeigniter4-framework-2849e7f\system\Boot.php(67): CodeIgniter\Boot::runCodeIgniter()
#12 C:\Users\User\OneDrive - Institut Teknologi Bandung\TST\codeigniter4-framework-v4.5.5-0-g2849e7f\codeigniter4-framework-2849e7f\public\index.php(56): CodeIgniter\Boot::bootWeb()
#13 C:\Users\User\OneDrive - Institut Teknologi Bandung\TST\codeigniter4-framework-v4.5.5-0-g2849e7f\codeigniter4-framework-2849e7f\system\rewrite.php(44): require_once('...')
#14 {main}
CRITICAL - 2024-11-17 03:19:42 --> CodeIgniter\Database\Exceptions\DatabaseException: Unable to connect to the database.
Main connection [MySQLi]: Access denied for user '****'@'localhost' (using password: YES)
[Method: GET, Route: foodmart]
in SYSTEMPATH\Database\BaseConnection.php on line 467.
 1 SYSTEMPATH\Database\BaseConnection.php(616): CodeIgniter\Database\BaseConnection->initialize()
 2 SYSTEMPATH\Database\BaseBuilder.php(1644): CodeIgniter\Database\BaseConnection->query()
 3 SYSTEMPATH\Model.php(286): CodeIgniter\Database\BaseBuilder->get()
 4 SYSTEMPATH\BaseModel.php(676): CodeIgniter\Model->doFindAll()
 5 APPPATH\Models\Foodmart.php(7): CodeIgniter\BaseModel->findAll()
 6 APPPATH\Controllers\FoodmartController.php(7): App\Models\Foodmart->getDataFoodmart()
 7 SYSTEMPATH\CodeIgniter.php(933): App\Controllers\FoodmartController->index()
 8 SYSTEMPATH\CodeIgniter.php(509): CodeIgniter\CodeIgniter->runController()
 9 SYSTEMPATH\CodeIgniter.php(355): CodeIgniter\CodeIgniter->handleRequest()
10 SYSTEMPATH\Boot.php(325): CodeIgniter\CodeIgniter->run()
11 SYSTEMPATH\Boot.php(67): CodeIgniter\Boot::runCodeIgniter()
12 FCPATH\index.php(56): CodeIgniter\Boot::bootWeb()
13 SYSTEMPATH\rewrite.php(44): require_once('C:\\Users\\User\\OneDrive - Institut Teknologi Bandung\\TST\\codeigniter4-framework-v4.5.5-0-g2849e7f\\codeigniter4-framework-2849e7f\\public\\index.php')
ERROR - 2024-11-17 03:20:32 --> Error connecting to the database: mysqli_sql_exception: Access denied for user 'root'@'localhost' (using password: YES) in C:\Users\User\OneDrive - Institut Teknologi Bandung\TST\codeigniter4-framework-v4.5.5-0-g2849e7f\codeigniter4-framework-2849e7f\system\Database\MySQLi\Connection.php:186
Stack trace:
#0 C:\Users\User\OneDrive - Institut Teknologi Bandung\TST\codeigniter4-framework-v4.5.5-0-g2849e7f\codeigniter4-framework-2849e7f\system\Database\MySQLi\Connection.php(186): mysqli->real_connect()
#1 C:\Users\User\OneDrive - Institut Teknologi Bandung\TST\codeigniter4-framework-v4.5.5-0-g2849e7f\codeigniter4-framework-2849e7f\system\Database\BaseConnection.php(421): CodeIgniter\Database\MySQLi\Connection->connect()
#2 C:\Users\User\OneDrive - Institut Teknologi Bandung\TST\codeigniter4-framework-v4.5.5-0-g2849e7f\codeigniter4-framework-2849e7f\system\Database\BaseConnection.php(616): CodeIgniter\Database\BaseConnection->initialize()
#3 C:\Users\User\OneDrive - Institut Teknologi Bandung\TST\codeigniter4-framework-v4.5.5-0-g2849e7f\codeigniter4-framework-2849e7f\system\Database\BaseBuilder.php(1644): CodeIgniter\Database\BaseConnection->query()
#4 C:\Users\User\OneDrive - Institut Teknologi Bandung\TST\codeigniter4-framework-v4.5.5-0-g2849e7f\codeigniter4-framework-2849e7f\system\Model.php(286): CodeIgniter\Database\BaseBuilder->get()
#5 C:\Users\User\OneDrive - Institut Teknologi Bandung\TST\codeigniter4-framework-v4.5.5-0-g2849e7f\codeigniter4-framework-2849e7f\system\BaseModel.php(676): CodeIgniter\Model->doFindAll()
#6 C:\Users\User\OneDrive - Institut Teknologi Bandung\TST\codeigniter4-framework-v4.5.5-0-g2849e7f\codeigniter4-framework-2849e7f\app\Models\Foodmart.php(7): CodeIgniter\BaseModel->findAll()
#7 C:\Users\User\OneDrive - Institut Teknologi Bandung\TST\codeigniter4-framework-v4.5.5-0-g2849e7f\codeigniter4-framework-2849e7f\app\Controllers\FoodmartController.php(7): App\Models\Foodmart->getDataFoodmart()
#8 C:\Users\User\OneDrive - Institut Teknologi Bandung\TST\codeigniter4-framework-v4.5.5-0-g2849e7f\codeigniter4-framework-2849e7f\system\CodeIgniter.php(933): App\Controllers\FoodmartController->index()
#9 C:\Users\User\OneDrive - Institut Teknologi Bandung\TST\codeigniter4-framework-v4.5.5-0-g2849e7f\codeigniter4-framework-2849e7f\system\CodeIgniter.php(509): CodeIgniter\CodeIgniter->runController()
#10 C:\Users\User\OneDrive - Institut Teknologi Bandung\TST\codeigniter4-framework-v4.5.5-0-g2849e7f\codeigniter4-framework-2849e7f\system\CodeIgniter.php(355): CodeIgniter\CodeIgniter->handleRequest()
#11 C:\Users\User\OneDrive - Institut Teknologi Bandung\TST\codeigniter4-framework-v4.5.5-0-g2849e7f\codeigniter4-framework-2849e7f\system\Boot.php(325): CodeIgniter\CodeIgniter->run()
#12 C:\Users\User\OneDrive - Institut Teknologi Bandung\TST\codeigniter4-framework-v4.5.5-0-g2849e7f\codeigniter4-framework-2849e7f\system\Boot.php(67): CodeIgniter\Boot::runCodeIgniter()
#13 C:\Users\User\OneDrive - Institut Teknologi Bandung\TST\codeigniter4-framework-v4.5.5-0-g2849e7f\codeigniter4-framework-2849e7f\public\index.php(56): CodeIgniter\Boot::bootWeb()
#14 C:\Users\User\OneDrive - Institut Teknologi Bandung\TST\codeigniter4-framework-v4.5.5-0-g2849e7f\codeigniter4-framework-2849e7f\system\rewrite.php(44): require_once('...')
#15 {main}

Next CodeIgniter\Database\Exceptions\DatabaseException: Access denied for user '****'@'localhost' (using password: YES) in C:\Users\User\OneDrive - Institut Teknologi Bandung\TST\codeigniter4-framework-v4.5.5-0-g2849e7f\codeigniter4-framework-2849e7f\system\Database\MySQLi\Connection.php:231
Stack trace:
#0 C:\Users\User\OneDrive - Institut Teknologi Bandung\TST\codeigniter4-framework-v4.5.5-0-g2849e7f\codeigniter4-framework-2849e7f\system\Database\BaseConnection.php(421): CodeIgniter\Database\MySQLi\Connection->connect()
#1 C:\Users\User\OneDrive - Institut Teknologi Bandung\TST\codeigniter4-framework-v4.5.5-0-g2849e7f\codeigniter4-framework-2849e7f\system\Database\BaseConnection.php(616): CodeIgniter\Database\BaseConnection->initialize()
#2 C:\Users\User\OneDrive - Institut Teknologi Bandung\TST\codeigniter4-framework-v4.5.5-0-g2849e7f\codeigniter4-framework-2849e7f\system\Database\BaseBuilder.php(1644): CodeIgniter\Database\BaseConnection->query()
#3 C:\Users\User\OneDrive - Institut Teknologi Bandung\TST\codeigniter4-framework-v4.5.5-0-g2849e7f\codeigniter4-framework-2849e7f\system\Model.php(286): CodeIgniter\Database\BaseBuilder->get()
#4 C:\Users\User\OneDrive - Institut Teknologi Bandung\TST\codeigniter4-framework-v4.5.5-0-g2849e7f\codeigniter4-framework-2849e7f\system\BaseModel.php(676): CodeIgniter\Model->doFindAll()
#5 C:\Users\User\OneDrive - Institut Teknologi Bandung\TST\codeigniter4-framework-v4.5.5-0-g2849e7f\codeigniter4-framework-2849e7f\app\Models\Foodmart.php(7): CodeIgniter\BaseModel->findAll()
#6 C:\Users\User\OneDrive - Institut Teknologi Bandung\TST\codeigniter4-framework-v4.5.5-0-g2849e7f\codeigniter4-framework-2849e7f\app\Controllers\FoodmartController.php(7): App\Models\Foodmart->getDataFoodmart()
#7 C:\Users\User\OneDrive - Institut Teknologi Bandung\TST\codeigniter4-framework-v4.5.5-0-g2849e7f\codeigniter4-framework-2849e7f\system\CodeIgniter.php(933): App\Controllers\FoodmartController->index()
#8 C:\Users\User\OneDrive - Institut Teknologi Bandung\TST\codeigniter4-framework-v4.5.5-0-g2849e7f\codeigniter4-framework-2849e7f\system\CodeIgniter.php(509): CodeIgniter\CodeIgniter->runController()
#9 C:\Users\User\OneDrive - Institut Teknologi Bandung\TST\codeigniter4-framework-v4.5.5-0-g2849e7f\codeigniter4-framework-2849e7f\system\CodeIgniter.php(355): CodeIgniter\CodeIgniter->handleRequest()
#10 C:\Users\User\OneDrive - Institut Teknologi Bandung\TST\codeigniter4-framework-v4.5.5-0-g2849e7f\codeigniter4-framework-2849e7f\system\Boot.php(325): CodeIgniter\CodeIgniter->run()
#11 C:\Users\User\OneDrive - Institut Teknologi Bandung\TST\codeigniter4-framework-v4.5.5-0-g2849e7f\codeigniter4-framework-2849e7f\system\Boot.php(67): CodeIgniter\Boot::runCodeIgniter()
#12 C:\Users\User\OneDrive - Institut Teknologi Bandung\TST\codeigniter4-framework-v4.5.5-0-g2849e7f\codeigniter4-framework-2849e7f\public\index.php(56): CodeIgniter\Boot::bootWeb()
#13 C:\Users\User\OneDrive - Institut Teknologi Bandung\TST\codeigniter4-framework-v4.5.5-0-g2849e7f\codeigniter4-framework-2849e7f\system\rewrite.php(44): require_once('...')
#14 {main}
CRITICAL - 2024-11-17 03:20:32 --> CodeIgniter\Database\Exceptions\DatabaseException: Unable to connect to the database.
Main connection [MySQLi]: Access denied for user '****'@'localhost' (using password: YES)
[Method: GET, Route: foodmart]
in SYSTEMPATH\Database\BaseConnection.php on line 467.
 1 SYSTEMPATH\Database\BaseConnection.php(616): CodeIgniter\Database\BaseConnection->initialize()
 2 SYSTEMPATH\Database\BaseBuilder.php(1644): CodeIgniter\Database\BaseConnection->query()
 3 SYSTEMPATH\Model.php(286): CodeIgniter\Database\BaseBuilder->get()
 4 SYSTEMPATH\BaseModel.php(676): CodeIgniter\Model->doFindAll()
 5 APPPATH\Models\Foodmart.php(7): CodeIgniter\BaseModel->findAll()
 6 APPPATH\Controllers\FoodmartController.php(7): App\Models\Foodmart->getDataFoodmart()
 7 SYSTEMPATH\CodeIgniter.php(933): App\Controllers\FoodmartController->index()
 8 SYSTEMPATH\CodeIgniter.php(509): CodeIgniter\CodeIgniter->runController()
 9 SYSTEMPATH\CodeIgniter.php(355): CodeIgniter\CodeIgniter->handleRequest()
10 SYSTEMPATH\Boot.php(325): CodeIgniter\CodeIgniter->run()
11 SYSTEMPATH\Boot.php(67): CodeIgniter\Boot::runCodeIgniter()
12 FCPATH\index.php(56): CodeIgniter\Boot::bootWeb()
13 SYSTEMPATH\rewrite.php(44): require_once('C:\\Users\\User\\OneDrive - Institut Teknologi Bandung\\TST\\codeigniter4-framework-v4.5.5-0-g2849e7f\\codeigniter4-framework-2849e7f\\public\\index.php')
ERROR - 2024-11-17 03:21:47 --> Error connecting to the database: mysqli_sql_exception: Access denied for user 'root'@'localhost' (using password: YES) in C:\Users\User\OneDrive - Institut Teknologi Bandung\TST\codeigniter4-framework-v4.5.5-0-g2849e7f\codeigniter4-framework-2849e7f\system\Database\MySQLi\Connection.php:186
Stack trace:
#0 C:\Users\User\OneDrive - Institut Teknologi Bandung\TST\codeigniter4-framework-v4.5.5-0-g2849e7f\codeigniter4-framework-2849e7f\system\Database\MySQLi\Connection.php(186): mysqli->real_connect()
#1 C:\Users\User\OneDrive - Institut Teknologi Bandung\TST\codeigniter4-framework-v4.5.5-0-g2849e7f\codeigniter4-framework-2849e7f\system\Database\BaseConnection.php(421): CodeIgniter\Database\MySQLi\Connection->connect()
#2 C:\Users\User\OneDrive - Institut Teknologi Bandung\TST\codeigniter4-framework-v4.5.5-0-g2849e7f\codeigniter4-framework-2849e7f\system\Database\BaseConnection.php(616): CodeIgniter\Database\BaseConnection->initialize()
#3 C:\Users\User\OneDrive - Institut Teknologi Bandung\TST\codeigniter4-framework-v4.5.5-0-g2849e7f\codeigniter4-framework-2849e7f\system\Database\BaseBuilder.php(1644): CodeIgniter\Database\BaseConnection->query()
#4 C:\Users\User\OneDrive - Institut Teknologi Bandung\TST\codeigniter4-framework-v4.5.5-0-g2849e7f\codeigniter4-framework-2849e7f\system\Model.php(286): CodeIgniter\Database\BaseBuilder->get()
#5 C:\Users\User\OneDrive - Institut Teknologi Bandung\TST\codeigniter4-framework-v4.5.5-0-g2849e7f\codeigniter4-framework-2849e7f\system\BaseModel.php(676): CodeIgniter\Model->doFindAll()
#6 C:\Users\User\OneDrive - Institut Teknologi Bandung\TST\codeigniter4-framework-v4.5.5-0-g2849e7f\codeigniter4-framework-2849e7f\app\Models\Foodmart.php(7): CodeIgniter\BaseModel->findAll()
#7 C:\Users\User\OneDrive - Institut Teknologi Bandung\TST\codeigniter4-framework-v4.5.5-0-g2849e7f\codeigniter4-framework-2849e7f\app\Controllers\FoodmartController.php(7): App\Models\Foodmart->getDataFoodmart()
#8 C:\Users\User\OneDrive - Institut Teknologi Bandung\TST\codeigniter4-framework-v4.5.5-0-g2849e7f\codeigniter4-framework-2849e7f\system\CodeIgniter.php(933): App\Controllers\FoodmartController->index()
#9 C:\Users\User\OneDrive - Institut Teknologi Bandung\TST\codeigniter4-framework-v4.5.5-0-g2849e7f\codeigniter4-framework-2849e7f\system\CodeIgniter.php(509): CodeIgniter\CodeIgniter->runController()
#10 C:\Users\User\OneDrive - Institut Teknologi Bandung\TST\codeigniter4-framework-v4.5.5-0-g2849e7f\codeigniter4-framework-2849e7f\system\CodeIgniter.php(355): CodeIgniter\CodeIgniter->handleRequest()
#11 C:\Users\User\OneDrive - Institut Teknologi Bandung\TST\codeigniter4-framework-v4.5.5-0-g2849e7f\codeigniter4-framework-2849e7f\system\Boot.php(325): CodeIgniter\CodeIgniter->run()
#12 C:\Users\User\OneDrive - Institut Teknologi Bandung\TST\codeigniter4-framework-v4.5.5-0-g2849e7f\codeigniter4-framework-2849e7f\system\Boot.php(67): CodeIgniter\Boot::runCodeIgniter()
#13 C:\Users\User\OneDrive - Institut Teknologi Bandung\TST\codeigniter4-framework-v4.5.5-0-g2849e7f\codeigniter4-framework-2849e7f\public\index.php(56): CodeIgniter\Boot::bootWeb()
#14 C:\Users\User\OneDrive - Institut Teknologi Bandung\TST\codeigniter4-framework-v4.5.5-0-g2849e7f\codeigniter4-framework-2849e7f\system\rewrite.php(44): require_once('...')
#15 {main}

Next CodeIgniter\Database\Exceptions\DatabaseException: Access denied for user '****'@'localhost' (using password: YES) in C:\Users\User\OneDrive - Institut Teknologi Bandung\TST\codeigniter4-framework-v4.5.5-0-g2849e7f\codeigniter4-framework-2849e7f\system\Database\MySQLi\Connection.php:231
Stack trace:
#0 C:\Users\User\OneDrive - Institut Teknologi Bandung\TST\codeigniter4-framework-v4.5.5-0-g2849e7f\codeigniter4-framework-2849e7f\system\Database\BaseConnection.php(421): CodeIgniter\Database\MySQLi\Connection->connect()
#1 C:\Users\User\OneDrive - Institut Teknologi Bandung\TST\codeigniter4-framework-v4.5.5-0-g2849e7f\codeigniter4-framework-2849e7f\system\Database\BaseConnection.php(616): CodeIgniter\Database\BaseConnection->initialize()
#2 C:\Users\User\OneDrive - Institut Teknologi Bandung\TST\codeigniter4-framework-v4.5.5-0-g2849e7f\codeigniter4-framework-2849e7f\system\Database\BaseBuilder.php(1644): CodeIgniter\Database\BaseConnection->query()
#3 C:\Users\User\OneDrive - Institut Teknologi Bandung\TST\codeigniter4-framework-v4.5.5-0-g2849e7f\codeigniter4-framework-2849e7f\system\Model.php(286): CodeIgniter\Database\BaseBuilder->get()
#4 C:\Users\User\OneDrive - Institut Teknologi Bandung\TST\codeigniter4-framework-v4.5.5-0-g2849e7f\codeigniter4-framework-2849e7f\system\BaseModel.php(676): CodeIgniter\Model->doFindAll()
#5 C:\Users\User\OneDrive - Institut Teknologi Bandung\TST\codeigniter4-framework-v4.5.5-0-g2849e7f\codeigniter4-framework-2849e7f\app\Models\Foodmart.php(7): CodeIgniter\BaseModel->findAll()
#6 C:\Users\User\OneDrive - Institut Teknologi Bandung\TST\codeigniter4-framework-v4.5.5-0-g2849e7f\codeigniter4-framework-2849e7f\app\Controllers\FoodmartController.php(7): App\Models\Foodmart->getDataFoodmart()
#7 C:\Users\User\OneDrive - Institut Teknologi Bandung\TST\codeigniter4-framework-v4.5.5-0-g2849e7f\codeigniter4-framework-2849e7f\system\CodeIgniter.php(933): App\Controllers\FoodmartController->index()
#8 C:\Users\User\OneDrive - Institut Teknologi Bandung\TST\codeigniter4-framework-v4.5.5-0-g2849e7f\codeigniter4-framework-2849e7f\system\CodeIgniter.php(509): CodeIgniter\CodeIgniter->runController()
#9 C:\Users\User\OneDrive - Institut Teknologi Bandung\TST\codeigniter4-framework-v4.5.5-0-g2849e7f\codeigniter4-framework-2849e7f\system\CodeIgniter.php(355): CodeIgniter\CodeIgniter->handleRequest()
#10 C:\Users\User\OneDrive - Institut Teknologi Bandung\TST\codeigniter4-framework-v4.5.5-0-g2849e7f\codeigniter4-framework-2849e7f\system\Boot.php(325): CodeIgniter\CodeIgniter->run()
#11 C:\Users\User\OneDrive - Institut Teknologi Bandung\TST\codeigniter4-framework-v4.5.5-0-g2849e7f\codeigniter4-framework-2849e7f\system\Boot.php(67): CodeIgniter\Boot::runCodeIgniter()
#12 C:\Users\User\OneDrive - Institut Teknologi Bandung\TST\codeigniter4-framework-v4.5.5-0-g2849e7f\codeigniter4-framework-2849e7f\public\index.php(56): CodeIgniter\Boot::bootWeb()
#13 C:\Users\User\OneDrive - Institut Teknologi Bandung\TST\codeigniter4-framework-v4.5.5-0-g2849e7f\codeigniter4-framework-2849e7f\system\rewrite.php(44): require_once('...')
#14 {main}
CRITICAL - 2024-11-17 03:21:47 --> CodeIgniter\Database\Exceptions\DatabaseException: Unable to connect to the database.
Main connection [MySQLi]: Access denied for user '****'@'localhost' (using password: YES)
[Method: GET, Route: foodmart]
in SYSTEMPATH\Database\BaseConnection.php on line 467.
 1 SYSTEMPATH\Database\BaseConnection.php(616): CodeIgniter\Database\BaseConnection->initialize()
 2 SYSTEMPATH\Database\BaseBuilder.php(1644): CodeIgniter\Database\BaseConnection->query()
 3 SYSTEMPATH\Model.php(286): CodeIgniter\Database\BaseBuilder->get()
 4 SYSTEMPATH\BaseModel.php(676): CodeIgniter\Model->doFindAll()
 5 APPPATH\Models\Foodmart.php(7): CodeIgniter\BaseModel->findAll()
 6 APPPATH\Controllers\FoodmartController.php(7): App\Models\Foodmart->getDataFoodmart()
 7 SYSTEMPATH\CodeIgniter.php(933): App\Controllers\FoodmartController->index()
 8 SYSTEMPATH\CodeIgniter.php(509): CodeIgniter\CodeIgniter->runController()
 9 SYSTEMPATH\CodeIgniter.php(355): CodeIgniter\CodeIgniter->handleRequest()
10 SYSTEMPATH\Boot.php(325): CodeIgniter\CodeIgniter->run()
11 SYSTEMPATH\Boot.php(67): CodeIgniter\Boot::runCodeIgniter()
12 FCPATH\index.php(56): CodeIgniter\Boot::bootWeb()
13 SYSTEMPATH\rewrite.php(44): require_once('C:\\Users\\User\\OneDrive - Institut Teknologi Bandung\\TST\\codeigniter4-framework-v4.5.5-0-g2849e7f\\codeigniter4-framework-2849e7f\\public\\index.php')
ERROR - 2024-11-17 03:22:24 --> Error connecting to the database: mysqli_sql_exception: Access denied for user 'root'@'localhost' (using password: YES) in C:\Users\User\OneDrive - Institut Teknologi Bandung\TST\codeigniter4-framework-v4.5.5-0-g2849e7f\codeigniter4-framework-2849e7f\system\Database\MySQLi\Connection.php:186
Stack trace:
#0 C:\Users\User\OneDrive - Institut Teknologi Bandung\TST\codeigniter4-framework-v4.5.5-0-g2849e7f\codeigniter4-framework-2849e7f\system\Database\MySQLi\Connection.php(186): mysqli->real_connect()
#1 C:\Users\User\OneDrive - Institut Teknologi Bandung\TST\codeigniter4-framework-v4.5.5-0-g2849e7f\codeigniter4-framework-2849e7f\system\Database\BaseConnection.php(421): CodeIgniter\Database\MySQLi\Connection->connect()
#2 C:\Users\User\OneDrive - Institut Teknologi Bandung\TST\codeigniter4-framework-v4.5.5-0-g2849e7f\codeigniter4-framework-2849e7f\system\Database\BaseConnection.php(616): CodeIgniter\Database\BaseConnection->initialize()
#3 C:\Users\User\OneDrive - Institut Teknologi Bandung\TST\codeigniter4-framework-v4.5.5-0-g2849e7f\codeigniter4-framework-2849e7f\system\Database\BaseBuilder.php(1644): CodeIgniter\Database\BaseConnection->query()
#4 C:\Users\User\OneDrive - Institut Teknologi Bandung\TST\codeigniter4-framework-v4.5.5-0-g2849e7f\codeigniter4-framework-2849e7f\system\Model.php(286): CodeIgniter\Database\BaseBuilder->get()
#5 C:\Users\User\OneDrive - Institut Teknologi Bandung\TST\codeigniter4-framework-v4.5.5-0-g2849e7f\codeigniter4-framework-2849e7f\system\BaseModel.php(676): CodeIgniter\Model->doFindAll()
#6 C:\Users\User\OneDrive - Institut Teknologi Bandung\TST\codeigniter4-framework-v4.5.5-0-g2849e7f\codeigniter4-framework-2849e7f\app\Models\Foodmart.php(7): CodeIgniter\BaseModel->findAll()
#7 C:\Users\User\OneDrive - Institut Teknologi Bandung\TST\codeigniter4-framework-v4.5.5-0-g2849e7f\codeigniter4-framework-2849e7f\app\Controllers\FoodmartController.php(7): App\Models\Foodmart->getDataFoodmart()
#8 C:\Users\User\OneDrive - Institut Teknologi Bandung\TST\codeigniter4-framework-v4.5.5-0-g2849e7f\codeigniter4-framework-2849e7f\system\CodeIgniter.php(933): App\Controllers\FoodmartController->index()
#9 C:\Users\User\OneDrive - Institut Teknologi Bandung\TST\codeigniter4-framework-v4.5.5-0-g2849e7f\codeigniter4-framework-2849e7f\system\CodeIgniter.php(509): CodeIgniter\CodeIgniter->runController()
#10 C:\Users\User\OneDrive - Institut Teknologi Bandung\TST\codeigniter4-framework-v4.5.5-0-g2849e7f\codeigniter4-framework-2849e7f\system\CodeIgniter.php(355): CodeIgniter\CodeIgniter->handleRequest()
#11 C:\Users\User\OneDrive - Institut Teknologi Bandung\TST\codeigniter4-framework-v4.5.5-0-g2849e7f\codeigniter4-framework-2849e7f\system\Boot.php(325): CodeIgniter\CodeIgniter->run()
#12 C:\Users\User\OneDrive - Institut Teknologi Bandung\TST\codeigniter4-framework-v4.5.5-0-g2849e7f\codeigniter4-framework-2849e7f\system\Boot.php(67): CodeIgniter\Boot::runCodeIgniter()
#13 C:\Users\User\OneDrive - Institut Teknologi Bandung\TST\codeigniter4-framework-v4.5.5-0-g2849e7f\codeigniter4-framework-2849e7f\public\index.php(56): CodeIgniter\Boot::bootWeb()
#14 C:\Users\User\OneDrive - Institut Teknologi Bandung\TST\codeigniter4-framework-v4.5.5-0-g2849e7f\codeigniter4-framework-2849e7f\system\rewrite.php(44): require_once('...')
#15 {main}

Next CodeIgniter\Database\Exceptions\DatabaseException: Access denied for user '****'@'localhost' (using password: YES) in C:\Users\User\OneDrive - Institut Teknologi Bandung\TST\codeigniter4-framework-v4.5.5-0-g2849e7f\codeigniter4-framework-2849e7f\system\Database\MySQLi\Connection.php:231
Stack trace:
#0 C:\Users\User\OneDrive - Institut Teknologi Bandung\TST\codeigniter4-framework-v4.5.5-0-g2849e7f\codeigniter4-framework-2849e7f\system\Database\BaseConnection.php(421): CodeIgniter\Database\MySQLi\Connection->connect()
#1 C:\Users\User\OneDrive - Institut Teknologi Bandung\TST\codeigniter4-framework-v4.5.5-0-g2849e7f\codeigniter4-framework-2849e7f\system\Database\BaseConnection.php(616): CodeIgniter\Database\BaseConnection->initialize()
#2 C:\Users\User\OneDrive - Institut Teknologi Bandung\TST\codeigniter4-framework-v4.5.5-0-g2849e7f\codeigniter4-framework-2849e7f\system\Database\BaseBuilder.php(1644): CodeIgniter\Database\BaseConnection->query()
#3 C:\Users\User\OneDrive - Institut Teknologi Bandung\TST\codeigniter4-framework-v4.5.5-0-g2849e7f\codeigniter4-framework-2849e7f\system\Model.php(286): CodeIgniter\Database\BaseBuilder->get()
#4 C:\Users\User\OneDrive - Institut Teknologi Bandung\TST\codeigniter4-framework-v4.5.5-0-g2849e7f\codeigniter4-framework-2849e7f\system\BaseModel.php(676): CodeIgniter\Model->doFindAll()
#5 C:\Users\User\OneDrive - Institut Teknologi Bandung\TST\codeigniter4-framework-v4.5.5-0-g2849e7f\codeigniter4-framework-2849e7f\app\Models\Foodmart.php(7): CodeIgniter\BaseModel->findAll()
#6 C:\Users\User\OneDrive - Institut Teknologi Bandung\TST\codeigniter4-framework-v4.5.5-0-g2849e7f\codeigniter4-framework-2849e7f\app\Controllers\FoodmartController.php(7): App\Models\Foodmart->getDataFoodmart()
#7 C:\Users\User\OneDrive - Institut Teknologi Bandung\TST\codeigniter4-framework-v4.5.5-0-g2849e7f\codeigniter4-framework-2849e7f\system\CodeIgniter.php(933): App\Controllers\FoodmartController->index()
#8 C:\Users\User\OneDrive - Institut Teknologi Bandung\TST\codeigniter4-framework-v4.5.5-0-g2849e7f\codeigniter4-framework-2849e7f\system\CodeIgniter.php(509): CodeIgniter\CodeIgniter->runController()
#9 C:\Users\User\OneDrive - Institut Teknologi Bandung\TST\codeigniter4-framework-v4.5.5-0-g2849e7f\codeigniter4-framework-2849e7f\system\CodeIgniter.php(355): CodeIgniter\CodeIgniter->handleRequest()
#10 C:\Users\User\OneDrive - Institut Teknologi Bandung\TST\codeigniter4-framework-v4.5.5-0-g2849e7f\codeigniter4-framework-2849e7f\system\Boot.php(325): CodeIgniter\CodeIgniter->run()
#11 C:\Users\User\OneDrive - Institut Teknologi Bandung\TST\codeigniter4-framework-v4.5.5-0-g2849e7f\codeigniter4-framework-2849e7f\system\Boot.php(67): CodeIgniter\Boot::runCodeIgniter()
#12 C:\Users\User\OneDrive - Institut Teknologi Bandung\TST\codeigniter4-framework-v4.5.5-0-g2849e7f\codeigniter4-framework-2849e7f\public\index.php(56): CodeIgniter\Boot::bootWeb()
#13 C:\Users\User\OneDrive - Institut Teknologi Bandung\TST\codeigniter4-framework-v4.5.5-0-g2849e7f\codeigniter4-framework-2849e7f\system\rewrite.php(44): require_once('...')
#14 {main}
CRITICAL - 2024-11-17 03:22:24 --> CodeIgniter\Database\Exceptions\DatabaseException: Unable to connect to the database.
Main connection [MySQLi]: Access denied for user '****'@'localhost' (using password: YES)
[Method: GET, Route: foodmart]
in SYSTEMPATH\Database\BaseConnection.php on line 467.
 1 SYSTEMPATH\Database\BaseConnection.php(616): CodeIgniter\Database\BaseConnection->initialize()
 2 SYSTEMPATH\Database\BaseBuilder.php(1644): CodeIgniter\Database\BaseConnection->query()
 3 SYSTEMPATH\Model.php(286): CodeIgniter\Database\BaseBuilder->get()
 4 SYSTEMPATH\BaseModel.php(676): CodeIgniter\Model->doFindAll()
 5 APPPATH\Models\Foodmart.php(7): CodeIgniter\BaseModel->findAll()
 6 APPPATH\Controllers\FoodmartController.php(7): App\Models\Foodmart->getDataFoodmart()
 7 SYSTEMPATH\CodeIgniter.php(933): App\Controllers\FoodmartController->index()
 8 SYSTEMPATH\CodeIgniter.php(509): CodeIgniter\CodeIgniter->runController()
 9 SYSTEMPATH\CodeIgniter.php(355): CodeIgniter\CodeIgniter->handleRequest()
10 SYSTEMPATH\Boot.php(325): CodeIgniter\CodeIgniter->run()
11 SYSTEMPATH\Boot.php(67): CodeIgniter\Boot::runCodeIgniter()
12 FCPATH\index.php(56): CodeIgniter\Boot::bootWeb()
13 SYSTEMPATH\rewrite.php(44): require_once('C:\\Users\\User\\OneDrive - Institut Teknologi Bandung\\TST\\codeigniter4-framework-v4.5.5-0-g2849e7f\\codeigniter4-framework-2849e7f\\public\\index.php')
