CRITICAL - 2025-01-07 07:21:03 --> CodeIgniter\HTTP\Exceptions\HTTPException: Failed to parse JSON string. Error: Syntax error
[Method: POST, Route: assessment/submit]
in SYSTEMPATH\HTTP\IncomingRequest.php on line 537.
 1 SYSTEMPATH\HTTP\IncomingRequest.php(537): CodeIgniter\HTTP\Exceptions\HTTPException::forInvalidJSON()
 2 APPPATH\Controllers\AssessmentController.php(16): CodeIgniter\HTTP\IncomingRequest->getJSON()
 3 SYSTEMPATH\CodeIgniter.php(933): App\Controllers\AssessmentController->submitAssessment()
 4 SYSTEMPATH\CodeIgniter.php(509): CodeIgniter\CodeIgniter->runController()
 5 SYSTEMPATH\CodeIgniter.php(355): CodeIgniter\CodeIgniter->handleRequest()
 6 SYSTEMPATH\Boot.php(325): CodeIgniter\CodeIgniter->run()
 7 SYSTEMPATH\Boot.php(67): CodeIgniter\Boot::runCodeIgniter()
 8 FCPATH\index.php(56): CodeIgniter\Boot::bootWeb()
 9 SYSTEMPATH\rewrite.php(44): require_once('C:\\Users\\User\\OneDrive - Institut Teknologi Bandung\\TST\\UAS\\codeigniter4-framework-2849e7f\\public\\index.php')
CRITICAL - 2025-01-07 07:42:57 --> CodeIgniter\Session\Exceptions\SessionException: Session: Configured save path "session" is not writable by the PHP process.
[Method: GET, Route: auth/auth/login]
in SYSTEMPATH\Session\Handlers\FileHandler.php on line 103.
 1 SYSTEMPATH\Session\Handlers\FileHandler.php(103): CodeIgniter\Session\Exceptions\SessionException::forWriteProtectedSavePath()
 2 [internal function]: CodeIgniter\Session\Handlers\FileHandler->open()
 3 SYSTEMPATH\Session\Session.php(920): session_start()
 4 SYSTEMPATH\Session\Session.php(242): CodeIgniter\Session\Session->startSession()
 5 SYSTEMPATH\Config\Services.php(710): CodeIgniter\Session\Session->start()
 6 SYSTEMPATH\Config\BaseService.php(312): CodeIgniter\Config\Services::session()
 7 SYSTEMPATH\Config\BaseService.php(251): CodeIgniter\Config\BaseService::__callStatic()
 8 SYSTEMPATH\Config\Services.php(668): CodeIgniter\Config\BaseService::getSharedInstance()
 9 SYSTEMPATH\Config\BaseService.php(321): CodeIgniter\Config\Services::session()
10 SYSTEMPATH\Config\BaseService.php(202): CodeIgniter\Config\BaseService::__callStatic()
11 SYSTEMPATH\Common.php(998): CodeIgniter\Config\BaseService::get()
12 SYSTEMPATH\Common.php(971): service()
13 APPPATH\Views\login.php(21): session()
14 SYSTEMPATH\View\View.php(234): include('C:\\Users\\User\\OneDrive - Institut Teknologi Bandung\\TST\\UAS\\codeigniter4-framework-2849e7f\\app\\Views\\login.php')
15 SYSTEMPATH\View\View.php(237): CodeIgniter\View\View->CodeIgniter\View\{closure}()
16 SYSTEMPATH\Common.php(1171): CodeIgniter\View\View->render()
17 APPPATH\Controllers\AuthController.php(13): view()
18 SYSTEMPATH\CodeIgniter.php(933): App\Controllers\AuthController->showLoginPage()
19 SYSTEMPATH\CodeIgniter.php(509): CodeIgniter\CodeIgniter->runController()
20 SYSTEMPATH\CodeIgniter.php(355): CodeIgniter\CodeIgniter->handleRequest()
21 SYSTEMPATH\Boot.php(325): CodeIgniter\CodeIgniter->run()
22 SYSTEMPATH\Boot.php(67): CodeIgniter\Boot::runCodeIgniter()
23 FCPATH\index.php(56): CodeIgniter\Boot::bootWeb()
24 SYSTEMPATH\rewrite.php(44): require_once('C:\\Users\\User\\OneDrive - Institut Teknologi Bandung\\TST\\UAS\\codeigniter4-framework-2849e7f\\public\\index.php')
CRITICAL - 2025-01-07 07:44:36 --> ErrorException: Undefined array key "email"
[Method: POST, Route: auth/login]
in APPPATH\Controllers\AuthController.php on line 39.
 1 APPPATH\Controllers\AuthController.php(39): CodeIgniter\Debug\Exceptions->errorHandler()
 2 SYSTEMPATH\CodeIgniter.php(933): App\Controllers\AuthController->login()
 3 SYSTEMPATH\CodeIgniter.php(509): CodeIgniter\CodeIgniter->runController()
 4 SYSTEMPATH\CodeIgniter.php(355): CodeIgniter\CodeIgniter->handleRequest()
 5 SYSTEMPATH\Boot.php(325): CodeIgniter\CodeIgniter->run()
 6 SYSTEMPATH\Boot.php(67): CodeIgniter\Boot::runCodeIgniter()
 7 FCPATH\index.php(56): CodeIgniter\Boot::bootWeb()
 8 SYSTEMPATH\rewrite.php(44): require_once('C:\\Users\\User\\OneDrive - Institut Teknologi Bandung\\TST\\UAS\\codeigniter4-framework-2849e7f\\public\\index.php')
CRITICAL - 2025-01-07 07:45:52 --> CodeIgniter\Session\Exceptions\SessionException: Session: Configured save path "session" is not writable by the PHP process.
[Method: POST, Route: auth/login]
in SYSTEMPATH\Session\Handlers\FileHandler.php on line 103.
 1 SYSTEMPATH\Session\Handlers\FileHandler.php(103): CodeIgniter\Session\Exceptions\SessionException::forWriteProtectedSavePath()
 2 [internal function]: CodeIgniter\Session\Handlers\FileHandler->open()
 3 SYSTEMPATH\Session\Session.php(920): session_start()
 4 SYSTEMPATH\Session\Session.php(242): CodeIgniter\Session\Session->startSession()
 5 SYSTEMPATH\Config\Services.php(710): CodeIgniter\Session\Session->start()
 6 SYSTEMPATH\Config\BaseService.php(312): CodeIgniter\Config\Services::session()
 7 SYSTEMPATH\Config\BaseService.php(251): CodeIgniter\Config\BaseService::__callStatic()
 8 SYSTEMPATH\Config\Services.php(668): CodeIgniter\Config\BaseService::getSharedInstance()
 9 SYSTEMPATH\Config\BaseService.php(321): CodeIgniter\Config\Services::session()
10 APPPATH\Controllers\AuthController.php(46): CodeIgniter\Config\BaseService::__callStatic()
11 SYSTEMPATH\CodeIgniter.php(933): App\Controllers\AuthController->login()
12 SYSTEMPATH\CodeIgniter.php(509): CodeIgniter\CodeIgniter->runController()
13 SYSTEMPATH\CodeIgniter.php(355): CodeIgniter\CodeIgniter->handleRequest()
14 SYSTEMPATH\Boot.php(325): CodeIgniter\CodeIgniter->run()
15 SYSTEMPATH\Boot.php(67): CodeIgniter\Boot::runCodeIgniter()
16 FCPATH\index.php(56): CodeIgniter\Boot::bootWeb()
17 SYSTEMPATH\rewrite.php(44): require_once('C:\\Users\\User\\OneDrive - Institut Teknologi Bandung\\TST\\UAS\\codeigniter4-framework-2849e7f\\public\\index.php')
CRITICAL - 2025-01-07 07:48:45 --> CodeIgniter\Session\Exceptions\SessionException: Session: Configured save path "session" is not writable by the PHP process.
[Method: POST, Route: auth/login]
in SYSTEMPATH\Session\Handlers\FileHandler.php on line 103.
 1 SYSTEMPATH\Session\Handlers\FileHandler.php(103): CodeIgniter\Session\Exceptions\SessionException::forWriteProtectedSavePath()
 2 [internal function]: CodeIgniter\Session\Handlers\FileHandler->open()
 3 SYSTEMPATH\Session\Session.php(920): session_start()
 4 SYSTEMPATH\Session\Session.php(242): CodeIgniter\Session\Session->startSession()
 5 SYSTEMPATH\Config\Services.php(710): CodeIgniter\Session\Session->start()
 6 SYSTEMPATH\Config\BaseService.php(312): CodeIgniter\Config\Services::session()
 7 SYSTEMPATH\Config\BaseService.php(251): CodeIgniter\Config\BaseService::__callStatic()
 8 SYSTEMPATH\Config\Services.php(668): CodeIgniter\Config\BaseService::getSharedInstance()
 9 SYSTEMPATH\Config\BaseService.php(321): CodeIgniter\Config\Services::session()
10 APPPATH\Controllers\AuthController.php(46): CodeIgniter\Config\BaseService::__callStatic()
11 SYSTEMPATH\CodeIgniter.php(933): App\Controllers\AuthController->login()
12 SYSTEMPATH\CodeIgniter.php(509): CodeIgniter\CodeIgniter->runController()
13 SYSTEMPATH\CodeIgniter.php(355): CodeIgniter\CodeIgniter->handleRequest()
14 SYSTEMPATH\Boot.php(325): CodeIgniter\CodeIgniter->run()
15 SYSTEMPATH\Boot.php(67): CodeIgniter\Boot::runCodeIgniter()
16 FCPATH\index.php(56): CodeIgniter\Boot::bootWeb()
17 SYSTEMPATH\rewrite.php(44): require_once('C:\\Users\\User\\OneDrive - Institut Teknologi Bandung\\TST\\UAS\\codeigniter4-framework-2849e7f\\public\\index.php')
CRITICAL - 2025-01-07 07:49:30 --> CodeIgniter\Session\Exceptions\SessionException: Session: Configured save path "session" is not writable by the PHP process.
[Method: POST, Route: auth/login]
in SYSTEMPATH\Session\Handlers\FileHandler.php on line 103.
 1 SYSTEMPATH\Session\Handlers\FileHandler.php(103): CodeIgniter\Session\Exceptions\SessionException::forWriteProtectedSavePath()
 2 [internal function]: CodeIgniter\Session\Handlers\FileHandler->open()
 3 SYSTEMPATH\Session\Session.php(920): session_start()
 4 SYSTEMPATH\Session\Session.php(242): CodeIgniter\Session\Session->startSession()
 5 SYSTEMPATH\Config\Services.php(710): CodeIgniter\Session\Session->start()
 6 SYSTEMPATH\Config\BaseService.php(312): CodeIgniter\Config\Services::session()
 7 SYSTEMPATH\Config\BaseService.php(251): CodeIgniter\Config\BaseService::__callStatic()
 8 SYSTEMPATH\Config\Services.php(668): CodeIgniter\Config\BaseService::getSharedInstance()
 9 SYSTEMPATH\Config\BaseService.php(321): CodeIgniter\Config\Services::session()
10 APPPATH\Controllers\AuthController.php(46): CodeIgniter\Config\BaseService::__callStatic()
11 SYSTEMPATH\CodeIgniter.php(933): App\Controllers\AuthController->login()
12 SYSTEMPATH\CodeIgniter.php(509): CodeIgniter\CodeIgniter->runController()
13 SYSTEMPATH\CodeIgniter.php(355): CodeIgniter\CodeIgniter->handleRequest()
14 SYSTEMPATH\Boot.php(325): CodeIgniter\CodeIgniter->run()
15 SYSTEMPATH\Boot.php(67): CodeIgniter\Boot::runCodeIgniter()
16 FCPATH\index.php(56): CodeIgniter\Boot::bootWeb()
17 SYSTEMPATH\rewrite.php(44): require_once('C:\\Users\\User\\OneDrive - Institut Teknologi Bandung\\TST\\UAS\\codeigniter4-framework-2849e7f\\public\\index.php')
CRITICAL - 2025-01-07 07:51:56 --> CodeIgniter\Session\Exceptions\SessionException: Session: Configured save path "session" is not writable by the PHP process.
[Method: POST, Route: auth/login]
in SYSTEMPATH\Session\Handlers\FileHandler.php on line 103.
 1 SYSTEMPATH\Session\Handlers\FileHandler.php(103): CodeIgniter\Session\Exceptions\SessionException::forWriteProtectedSavePath()
 2 [internal function]: CodeIgniter\Session\Handlers\FileHandler->open()
 3 SYSTEMPATH\Session\Session.php(920): session_start()
 4 SYSTEMPATH\Session\Session.php(242): CodeIgniter\Session\Session->startSession()
 5 SYSTEMPATH\Config\Services.php(710): CodeIgniter\Session\Session->start()
 6 SYSTEMPATH\Config\BaseService.php(312): CodeIgniter\Config\Services::session()
 7 SYSTEMPATH\Config\BaseService.php(251): CodeIgniter\Config\BaseService::__callStatic()
 8 SYSTEMPATH\Config\Services.php(668): CodeIgniter\Config\BaseService::getSharedInstance()
 9 SYSTEMPATH\Config\BaseService.php(321): CodeIgniter\Config\Services::session()
10 APPPATH\Controllers\AuthController.php(46): CodeIgniter\Config\BaseService::__callStatic()
11 SYSTEMPATH\CodeIgniter.php(933): App\Controllers\AuthController->login()
12 SYSTEMPATH\CodeIgniter.php(509): CodeIgniter\CodeIgniter->runController()
13 SYSTEMPATH\CodeIgniter.php(355): CodeIgniter\CodeIgniter->handleRequest()
14 SYSTEMPATH\Boot.php(325): CodeIgniter\CodeIgniter->run()
15 SYSTEMPATH\Boot.php(67): CodeIgniter\Boot::runCodeIgniter()
16 FCPATH\index.php(56): CodeIgniter\Boot::bootWeb()
17 SYSTEMPATH\rewrite.php(44): require_once('C:\\Users\\User\\OneDrive - Institut Teknologi Bandung\\TST\\UAS\\codeigniter4-framework-2849e7f\\public\\index.php')
CRITICAL - 2025-01-07 07:53:21 --> CodeIgniter\Session\Exceptions\SessionException: Session: Configured save path "session" is not writable by the PHP process.
[Method: POST, Route: auth/login]
in SYSTEMPATH\Session\Handlers\FileHandler.php on line 103.
 1 SYSTEMPATH\Session\Handlers\FileHandler.php(103): CodeIgniter\Session\Exceptions\SessionException::forWriteProtectedSavePath()
 2 [internal function]: CodeIgniter\Session\Handlers\FileHandler->open()
 3 SYSTEMPATH\Session\Session.php(920): session_start()
 4 SYSTEMPATH\Session\Session.php(242): CodeIgniter\Session\Session->startSession()
 5 SYSTEMPATH\Config\Services.php(710): CodeIgniter\Session\Session->start()
 6 SYSTEMPATH\Config\BaseService.php(312): CodeIgniter\Config\Services::session()
 7 SYSTEMPATH\Config\BaseService.php(251): CodeIgniter\Config\BaseService::__callStatic()
 8 SYSTEMPATH\Config\Services.php(668): CodeIgniter\Config\BaseService::getSharedInstance()
 9 SYSTEMPATH\Config\BaseService.php(321): CodeIgniter\Config\Services::session()
10 APPPATH\Controllers\AuthController.php(46): CodeIgniter\Config\BaseService::__callStatic()
11 SYSTEMPATH\CodeIgniter.php(933): App\Controllers\AuthController->login()
12 SYSTEMPATH\CodeIgniter.php(509): CodeIgniter\CodeIgniter->runController()
13 SYSTEMPATH\CodeIgniter.php(355): CodeIgniter\CodeIgniter->handleRequest()
14 SYSTEMPATH\Boot.php(325): CodeIgniter\CodeIgniter->run()
15 SYSTEMPATH\Boot.php(67): CodeIgniter\Boot::runCodeIgniter()
16 FCPATH\index.php(56): CodeIgniter\Boot::bootWeb()
17 SYSTEMPATH\rewrite.php(44): require_once('C:\\Users\\User\\OneDrive - Institut Teknologi Bandung\\TST\\UAS\\codeigniter4-framework-2849e7f\\public\\index.php')
CRITICAL - 2025-01-07 07:55:24 --> CodeIgniter\Session\Exceptions\SessionException: Session: Configured save path "session" is not writable by the PHP process.
[Method: POST, Route: auth/login]
in SYSTEMPATH\Session\Handlers\FileHandler.php on line 103.
 1 SYSTEMPATH\Session\Handlers\FileHandler.php(103): CodeIgniter\Session\Exceptions\SessionException::forWriteProtectedSavePath()
 2 [internal function]: CodeIgniter\Session\Handlers\FileHandler->open()
 3 SYSTEMPATH\Session\Session.php(920): session_start()
 4 SYSTEMPATH\Session\Session.php(242): CodeIgniter\Session\Session->startSession()
 5 SYSTEMPATH\Config\Services.php(710): CodeIgniter\Session\Session->start()
 6 SYSTEMPATH\Config\BaseService.php(312): CodeIgniter\Config\Services::session()
 7 SYSTEMPATH\Config\BaseService.php(251): CodeIgniter\Config\BaseService::__callStatic()
 8 SYSTEMPATH\Config\Services.php(668): CodeIgniter\Config\BaseService::getSharedInstance()
 9 SYSTEMPATH\Config\BaseService.php(321): CodeIgniter\Config\Services::session()
10 APPPATH\Controllers\AuthController.php(46): CodeIgniter\Config\BaseService::__callStatic()
11 SYSTEMPATH\CodeIgniter.php(933): App\Controllers\AuthController->login()
12 SYSTEMPATH\CodeIgniter.php(509): CodeIgniter\CodeIgniter->runController()
13 SYSTEMPATH\CodeIgniter.php(355): CodeIgniter\CodeIgniter->handleRequest()
14 SYSTEMPATH\Boot.php(325): CodeIgniter\CodeIgniter->run()
15 SYSTEMPATH\Boot.php(67): CodeIgniter\Boot::runCodeIgniter()
16 FCPATH\index.php(56): CodeIgniter\Boot::bootWeb()
17 SYSTEMPATH\rewrite.php(44): require_once('C:\\Users\\User\\OneDrive - Institut Teknologi Bandung\\TST\\UAS\\codeigniter4-framework-2849e7f\\public\\index.php')
CRITICAL - 2025-01-07 08:04:53 --> CodeIgniter\Session\Exceptions\SessionException: Session: Configured save path "session" is not writable by the PHP process.
[Method: POST, Route: auth/login]
in SYSTEMPATH\Session\Handlers\FileHandler.php on line 103.
 1 SYSTEMPATH\Session\Handlers\FileHandler.php(103): CodeIgniter\Session\Exceptions\SessionException::forWriteProtectedSavePath()
 2 [internal function]: CodeIgniter\Session\Handlers\FileHandler->open()
 3 SYSTEMPATH\Session\Session.php(920): session_start()
 4 SYSTEMPATH\Session\Session.php(242): CodeIgniter\Session\Session->startSession()
 5 SYSTEMPATH\Config\Services.php(710): CodeIgniter\Session\Session->start()
 6 SYSTEMPATH\Config\BaseService.php(312): CodeIgniter\Config\Services::session()
 7 SYSTEMPATH\Config\BaseService.php(251): CodeIgniter\Config\BaseService::__callStatic()
 8 SYSTEMPATH\Config\Services.php(668): CodeIgniter\Config\BaseService::getSharedInstance()
 9 SYSTEMPATH\Config\BaseService.php(321): CodeIgniter\Config\Services::session()
10 APPPATH\Controllers\AuthController.php(46): CodeIgniter\Config\BaseService::__callStatic()
11 SYSTEMPATH\CodeIgniter.php(933): App\Controllers\AuthController->login()
12 SYSTEMPATH\CodeIgniter.php(509): CodeIgniter\CodeIgniter->runController()
13 SYSTEMPATH\CodeIgniter.php(355): CodeIgniter\CodeIgniter->handleRequest()
14 SYSTEMPATH\Boot.php(325): CodeIgniter\CodeIgniter->run()
15 SYSTEMPATH\Boot.php(67): CodeIgniter\Boot::runCodeIgniter()
16 FCPATH\index.php(56): CodeIgniter\Boot::bootWeb()
17 SYSTEMPATH\rewrite.php(44): require_once('C:\\Users\\User\\OneDrive - Institut Teknologi Bandung\\TST\\UAS\\codeigniter4-framework-2849e7f\\public\\index.php')
CRITICAL - 2025-01-07 08:06:15 --> CodeIgniter\Session\Exceptions\SessionException: Session: Configured save path "session" is not writable by the PHP process.
[Method: POST, Route: auth/login]
in SYSTEMPATH\Session\Handlers\FileHandler.php on line 103.
 1 SYSTEMPATH\Session\Handlers\FileHandler.php(103): CodeIgniter\Session\Exceptions\SessionException::forWriteProtectedSavePath()
 2 [internal function]: CodeIgniter\Session\Handlers\FileHandler->open()
 3 SYSTEMPATH\Session\Session.php(920): session_start()
 4 SYSTEMPATH\Session\Session.php(242): CodeIgniter\Session\Session->startSession()
 5 SYSTEMPATH\Config\Services.php(710): CodeIgniter\Session\Session->start()
 6 SYSTEMPATH\Config\BaseService.php(312): CodeIgniter\Config\Services::session()
 7 SYSTEMPATH\Config\BaseService.php(251): CodeIgniter\Config\BaseService::__callStatic()
 8 SYSTEMPATH\Config\Services.php(668): CodeIgniter\Config\BaseService::getSharedInstance()
 9 SYSTEMPATH\Config\BaseService.php(321): CodeIgniter\Config\Services::session()
10 APPPATH\Controllers\AuthController.php(46): CodeIgniter\Config\BaseService::__callStatic()
11 SYSTEMPATH\CodeIgniter.php(933): App\Controllers\AuthController->login()
12 SYSTEMPATH\CodeIgniter.php(509): CodeIgniter\CodeIgniter->runController()
13 SYSTEMPATH\CodeIgniter.php(355): CodeIgniter\CodeIgniter->handleRequest()
14 SYSTEMPATH\Boot.php(325): CodeIgniter\CodeIgniter->run()
15 SYSTEMPATH\Boot.php(67): CodeIgniter\Boot::runCodeIgniter()
16 FCPATH\index.php(56): CodeIgniter\Boot::bootWeb()
17 SYSTEMPATH\rewrite.php(44): require_once('C:\\Users\\User\\OneDrive - Institut Teknologi Bandung\\TST\\UAS\\codeigniter4-framework-2849e7f\\public\\index.php')
CRITICAL - 2025-01-07 08:07:46 --> CodeIgniter\Session\Exceptions\SessionException: Session: Configured save path "session" is not writable by the PHP process.
[Method: POST, Route: auth/login]
in SYSTEMPATH\Session\Handlers\FileHandler.php on line 103.
 1 SYSTEMPATH\Session\Handlers\FileHandler.php(103): CodeIgniter\Session\Exceptions\SessionException::forWriteProtectedSavePath()
 2 [internal function]: CodeIgniter\Session\Handlers\FileHandler->open()
 3 SYSTEMPATH\Session\Session.php(920): session_start()
 4 SYSTEMPATH\Session\Session.php(242): CodeIgniter\Session\Session->startSession()
 5 SYSTEMPATH\Config\Services.php(710): CodeIgniter\Session\Session->start()
 6 SYSTEMPATH\Config\BaseService.php(312): CodeIgniter\Config\Services::session()
 7 SYSTEMPATH\Config\BaseService.php(251): CodeIgniter\Config\BaseService::__callStatic()
 8 SYSTEMPATH\Config\Services.php(668): CodeIgniter\Config\BaseService::getSharedInstance()
 9 SYSTEMPATH\Config\BaseService.php(321): CodeIgniter\Config\Services::session()
10 APPPATH\Controllers\AuthController.php(46): CodeIgniter\Config\BaseService::__callStatic()
11 SYSTEMPATH\CodeIgniter.php(933): App\Controllers\AuthController->login()
12 SYSTEMPATH\CodeIgniter.php(509): CodeIgniter\CodeIgniter->runController()
13 SYSTEMPATH\CodeIgniter.php(355): CodeIgniter\CodeIgniter->handleRequest()
14 SYSTEMPATH\Boot.php(325): CodeIgniter\CodeIgniter->run()
15 SYSTEMPATH\Boot.php(67): CodeIgniter\Boot::runCodeIgniter()
16 FCPATH\index.php(56): CodeIgniter\Boot::bootWeb()
17 SYSTEMPATH\rewrite.php(44): require_once('C:\\Users\\User\\OneDrive - Institut Teknologi Bandung\\TST\\UAS\\codeigniter4-framework-2849e7f\\public\\index.php')
CRITICAL - 2025-01-07 09:36:10 --> ErrorException: Undefined array key "name"
[Method: POST, Route: assessment]
in APPPATH\Controllers\AssessmentController.php on line 63.
 1 APPPATH\Controllers\AssessmentController.php(63): CodeIgniter\Debug\Exceptions->errorHandler()
 2 SYSTEMPATH\CodeIgniter.php(933): App\Controllers\AssessmentController->index()
 3 SYSTEMPATH\CodeIgniter.php(509): CodeIgniter\CodeIgniter->runController()
 4 SYSTEMPATH\CodeIgniter.php(355): CodeIgniter\CodeIgniter->handleRequest()
 5 SYSTEMPATH\Boot.php(325): CodeIgniter\CodeIgniter->run()
 6 SYSTEMPATH\Boot.php(67): CodeIgniter\Boot::runCodeIgniter()
 7 FCPATH\index.php(56): CodeIgniter\Boot::bootWeb()
 8 SYSTEMPATH\rewrite.php(44): require_once('C:\\Users\\User\\OneDrive - Institut Teknologi Bandung\\TST\\UAS\\codeigniter4-framework-2849e7f\\public\\index.php')
CRITICAL - 2025-01-07 09:44:46 --> CodeIgniter\HTTP\Exceptions\HTTPException: Failed to parse JSON string. Error: Syntax error
[Method: POST, Route: assessment]
in SYSTEMPATH\HTTP\IncomingRequest.php on line 537.
 1 SYSTEMPATH\HTTP\IncomingRequest.php(537): CodeIgniter\HTTP\Exceptions\HTTPException::forInvalidJSON()
 2 APPPATH\Controllers\AssessmentController.php(45): CodeIgniter\HTTP\IncomingRequest->getJSON()
 3 SYSTEMPATH\CodeIgniter.php(933): App\Controllers\AssessmentController->index()
 4 SYSTEMPATH\CodeIgniter.php(509): CodeIgniter\CodeIgniter->runController()
 5 SYSTEMPATH\CodeIgniter.php(355): CodeIgniter\CodeIgniter->handleRequest()
 6 SYSTEMPATH\Boot.php(325): CodeIgniter\CodeIgniter->run()
 7 SYSTEMPATH\Boot.php(67): CodeIgniter\Boot::runCodeIgniter()
 8 FCPATH\index.php(56): CodeIgniter\Boot::bootWeb()
 9 SYSTEMPATH\rewrite.php(44): require_once('C:\\Users\\User\\OneDrive - Institut Teknologi Bandung\\TST\\UAS\\codeigniter4-framework-2849e7f\\public\\index.php')
CRITICAL - 2025-01-07 09:57:47 --> CodeIgniter\Session\Exceptions\SessionException: Session: Configured save path "session" is not writable by the PHP process.
[Method: GET, Route: assessment]
in SYSTEMPATH\Session\Handlers\FileHandler.php on line 103.
 1 SYSTEMPATH\Session\Handlers\FileHandler.php(103): CodeIgniter\Session\Exceptions\SessionException::forWriteProtectedSavePath()
 2 [internal function]: CodeIgniter\Session\Handlers\FileHandler->open()
 3 SYSTEMPATH\Session\Session.php(920): session_start()
 4 SYSTEMPATH\Session\Session.php(242): CodeIgniter\Session\Session->startSession()
 5 SYSTEMPATH\Config\Services.php(710): CodeIgniter\Session\Session->start()
 6 SYSTEMPATH\Config\BaseService.php(312): CodeIgniter\Config\Services::session()
 7 SYSTEMPATH\Config\BaseService.php(251): CodeIgniter\Config\BaseService::__callStatic()
 8 SYSTEMPATH\Config\Services.php(668): CodeIgniter\Config\BaseService::getSharedInstance()
 9 SYSTEMPATH\Config\BaseService.php(321): CodeIgniter\Config\Services::session()
10 SYSTEMPATH\Config\BaseService.php(202): CodeIgniter\Config\BaseService::__callStatic()
11 SYSTEMPATH\Common.php(998): CodeIgniter\Config\BaseService::get()
12 SYSTEMPATH\Common.php(971): service()
13 APPPATH\Controllers\AssessmentController.php(33): session()
14 SYSTEMPATH\CodeIgniter.php(933): App\Controllers\AssessmentController->index()
15 SYSTEMPATH\CodeIgniter.php(509): CodeIgniter\CodeIgniter->runController()
16 SYSTEMPATH\CodeIgniter.php(355): CodeIgniter\CodeIgniter->handleRequest()
17 SYSTEMPATH\Boot.php(325): CodeIgniter\CodeIgniter->run()
18 SYSTEMPATH\Boot.php(67): CodeIgniter\Boot::runCodeIgniter()
19 FCPATH\index.php(56): CodeIgniter\Boot::bootWeb()
20 SYSTEMPATH\rewrite.php(44): require_once('C:\\Users\\User\\OneDrive - Institut Teknologi Bandung\\TST\\UAS\\codeigniter4-framework-2849e7f\\public\\index.php')
CRITICAL - 2025-01-07 09:57:53 --> CodeIgniter\Session\Exceptions\SessionException: Session: Configured save path "session" is not writable by the PHP process.
[Method: POST, Route: assessment]
in SYSTEMPATH\Session\Handlers\FileHandler.php on line 103.
 1 SYSTEMPATH\Session\Handlers\FileHandler.php(103): CodeIgniter\Session\Exceptions\SessionException::forWriteProtectedSavePath()
 2 [internal function]: CodeIgniter\Session\Handlers\FileHandler->open()
 3 SYSTEMPATH\Session\Session.php(920): session_start()
 4 SYSTEMPATH\Session\Session.php(242): CodeIgniter\Session\Session->startSession()
 5 SYSTEMPATH\Config\Services.php(710): CodeIgniter\Session\Session->start()
 6 SYSTEMPATH\Config\BaseService.php(312): CodeIgniter\Config\Services::session()
 7 SYSTEMPATH\Config\BaseService.php(251): CodeIgniter\Config\BaseService::__callStatic()
 8 SYSTEMPATH\Config\Services.php(668): CodeIgniter\Config\BaseService::getSharedInstance()
 9 SYSTEMPATH\Config\BaseService.php(321): CodeIgniter\Config\Services::session()
10 SYSTEMPATH\Config\BaseService.php(202): CodeIgniter\Config\BaseService::__callStatic()
11 SYSTEMPATH\Common.php(998): CodeIgniter\Config\BaseService::get()
12 SYSTEMPATH\Common.php(971): service()
13 APPPATH\Controllers\AssessmentController.php(33): session()
14 SYSTEMPATH\CodeIgniter.php(933): App\Controllers\AssessmentController->index()
15 SYSTEMPATH\CodeIgniter.php(509): CodeIgniter\CodeIgniter->runController()
16 SYSTEMPATH\CodeIgniter.php(355): CodeIgniter\CodeIgniter->handleRequest()
17 SYSTEMPATH\Boot.php(325): CodeIgniter\CodeIgniter->run()
18 SYSTEMPATH\Boot.php(67): CodeIgniter\Boot::runCodeIgniter()
19 FCPATH\index.php(56): CodeIgniter\Boot::bootWeb()
20 SYSTEMPATH\rewrite.php(44): require_once('C:\\Users\\User\\OneDrive - Institut Teknologi Bandung\\TST\\UAS\\codeigniter4-framework-2849e7f\\public\\index.php')
CRITICAL - 2025-01-07 10:04:06 --> CodeIgniter\HTTP\Exceptions\HTTPException: Failed to parse JSON string. Error: Syntax error
[Method: POST, Route: assessment]
in SYSTEMPATH\HTTP\IncomingRequest.php on line 537.
 1 SYSTEMPATH\HTTP\IncomingRequest.php(537): CodeIgniter\HTTP\Exceptions\HTTPException::forInvalidJSON()
 2 APPPATH\Controllers\AssessmentController.php(17): CodeIgniter\HTTP\IncomingRequest->getJSON()
 3 SYSTEMPATH\CodeIgniter.php(933): App\Controllers\AssessmentController->index()
 4 SYSTEMPATH\CodeIgniter.php(509): CodeIgniter\CodeIgniter->runController()
 5 SYSTEMPATH\CodeIgniter.php(355): CodeIgniter\CodeIgniter->handleRequest()
 6 SYSTEMPATH\Boot.php(325): CodeIgniter\CodeIgniter->run()
 7 SYSTEMPATH\Boot.php(67): CodeIgniter\Boot::runCodeIgniter()
 8 FCPATH\index.php(56): CodeIgniter\Boot::bootWeb()
 9 SYSTEMPATH\rewrite.php(44): require_once('C:\\Users\\User\\OneDrive - Institut Teknologi Bandung\\TST\\UAS\\codeigniter4-framework-2849e7f\\public\\index.php')
