CRITICAL - 2024-11-20 08:48:41 --> Error: Class "CodeIgniter\RESTful\BaseController" not found
[Method: GET, Route: queryAPI/Sheri/]
in APPPATH\Controllers\CustomerController.php on line 5.
 1 SYSTEMPATH\Autoloader\Autoloader.php(317): include_once()
 2 SYSTEMPATH\Autoloader\Autoloader.php(296): CodeIgniter\Autoloader\Autoloader->includeFile()
 3 SYSTEMPATH\Autoloader\Autoloader.php(272): CodeIgniter\Autoloader\Autoloader->loadInNamespace()
 4 [internal function]: CodeIgniter\Autoloader\Autoloader->loadClass()
 5 SYSTEMPATH\CodeIgniter.php(887): class_exists()
 6 SYSTEMPATH\CodeIgniter.php(496): CodeIgniter\CodeIgniter->startController()
 7 SYSTEMPATH\CodeIgniter.php(355): CodeIgniter\CodeIgniter->handleRequest()
 8 SYSTEMPATH\Boot.php(325): CodeIgniter\CodeIgniter->run()
 9 SYSTEMPATH\Boot.php(67): CodeIgniter\Boot::runCodeIgniter()
10 FCPATH\index.php(56): CodeIgniter\Boot::bootWeb()
11 SYSTEMPATH\rewrite.php(44): require_once('C:\\Users\\User\\OneDrive - Institut Teknologi Bandung\\TST\\codeigniter4-framework-v4.5.5-0-g2849e7f\\codeigniter4-framework-2849e7f\\public\\index.php')
CRITICAL - 2024-11-20 08:50:30 --> Error: Call to undefined method App\Controllers\CustomerController::respond()
[Method: GET, Route: queryAPI/Sheri/]
in APPPATH\Controllers\CustomerController.php on line 15.
 1 SYSTEMPATH\CodeIgniter.php(933): App\Controllers\CustomerController->searchParamAPI()
 2 SYSTEMPATH\CodeIgniter.php(509): CodeIgniter\CodeIgniter->runController()
 3 SYSTEMPATH\CodeIgniter.php(355): CodeIgniter\CodeIgniter->handleRequest()
 4 SYSTEMPATH\Boot.php(325): CodeIgniter\CodeIgniter->run()
 5 SYSTEMPATH\Boot.php(67): CodeIgniter\Boot::runCodeIgniter()
 6 FCPATH\index.php(56): CodeIgniter\Boot::bootWeb()
 7 SYSTEMPATH\rewrite.php(44): require_once('C:\\Users\\User\\OneDrive - Institut Teknologi Bandung\\TST\\codeigniter4-framework-v4.5.5-0-g2849e7f\\codeigniter4-framework-2849e7f\\public\\index.php')
CRITICAL - 2024-11-20 08:56:52 --> Error: Undefined constant "App\Controllers\this"
[Method: GET, Route: queryAPI/Sheri/]
in APPPATH\Controllers\CustomerController.php on line 15.
 1 SYSTEMPATH\CodeIgniter.php(933): App\Controllers\CustomerController->searchParamAPI()
 2 SYSTEMPATH\CodeIgniter.php(509): CodeIgniter\CodeIgniter->runController()
 3 SYSTEMPATH\CodeIgniter.php(355): CodeIgniter\CodeIgniter->handleRequest()
 4 SYSTEMPATH\Boot.php(325): CodeIgniter\CodeIgniter->run()
 5 SYSTEMPATH\Boot.php(67): CodeIgniter\Boot::runCodeIgniter()
 6 FCPATH\index.php(56): CodeIgniter\Boot::bootWeb()
 7 SYSTEMPATH\rewrite.php(44): require_once('C:\\Users\\User\\OneDrive - Institut Teknologi Bandung\\TST\\codeigniter4-framework-v4.5.5-0-g2849e7f\\codeigniter4-framework-2849e7f\\public\\index.php')
ERROR - 2024-11-20 09:08:59 --> mysqli_sql_exception: Table 'foodmart.coba' doesn't exist in C:\Users\User\OneDrive - Institut Teknologi Bandung\TST\codeigniter4-framework-v4.5.5-0-g2849e7f\codeigniter4-framework-2849e7f\system\Database\MySQLi\Connection.php:312
Stack trace:
#0 C:\Users\User\OneDrive - Institut Teknologi Bandung\TST\codeigniter4-framework-v4.5.5-0-g2849e7f\codeigniter4-framework-2849e7f\system\Database\MySQLi\Connection.php(312): mysqli->query()
#1 C:\Users\User\OneDrive - Institut Teknologi Bandung\TST\codeigniter4-framework-v4.5.5-0-g2849e7f\codeigniter4-framework-2849e7f\system\Database\BaseConnection.php(734): CodeIgniter\Database\MySQLi\Connection->execute()
#2 C:\Users\User\OneDrive - Institut Teknologi Bandung\TST\codeigniter4-framework-v4.5.5-0-g2849e7f\codeigniter4-framework-2849e7f\system\Database\BaseConnection.php(648): CodeIgniter\Database\BaseConnection->simpleQuery()
#3 C:\Users\User\OneDrive - Institut Teknologi Bandung\TST\codeigniter4-framework-v4.5.5-0-g2849e7f\codeigniter4-framework-2849e7f\system\Database\BaseBuilder.php(2340): CodeIgniter\Database\BaseConnection->query()
#4 C:\Users\User\OneDrive - Institut Teknologi Bandung\TST\codeigniter4-framework-v4.5.5-0-g2849e7f\codeigniter4-framework-2849e7f\system\Model.php(394): CodeIgniter\Database\BaseBuilder->insert()
#5 C:\Users\User\OneDrive - Institut Teknologi Bandung\TST\codeigniter4-framework-v4.5.5-0-g2849e7f\codeigniter4-framework-2849e7f\system\BaseModel.php(840): CodeIgniter\Model->doInsert()
#6 C:\Users\User\OneDrive - Institut Teknologi Bandung\TST\codeigniter4-framework-v4.5.5-0-g2849e7f\codeigniter4-framework-2849e7f\system\Model.php(802): CodeIgniter\BaseModel->insert()
#7 C:\Users\User\OneDrive - Institut Teknologi Bandung\TST\codeigniter4-framework-v4.5.5-0-g2849e7f\codeigniter4-framework-2849e7f\app\Controllers\CobaController.php(23): CodeIgniter\Model->insert()
#8 C:\Users\User\OneDrive - Institut Teknologi Bandung\TST\codeigniter4-framework-v4.5.5-0-g2849e7f\codeigniter4-framework-2849e7f\system\CodeIgniter.php(933): App\Controllers\CobaController->insert()
#9 C:\Users\User\OneDrive - Institut Teknologi Bandung\TST\codeigniter4-framework-v4.5.5-0-g2849e7f\codeigniter4-framework-2849e7f\system\CodeIgniter.php(509): CodeIgniter\CodeIgniter->runController()
#10 C:\Users\User\OneDrive - Institut Teknologi Bandung\TST\codeigniter4-framework-v4.5.5-0-g2849e7f\codeigniter4-framework-2849e7f\system\CodeIgniter.php(355): CodeIgniter\CodeIgniter->handleRequest()
#11 C:\Users\User\OneDrive - Institut Teknologi Bandung\TST\codeigniter4-framework-v4.5.5-0-g2849e7f\codeigniter4-framework-2849e7f\system\Boot.php(325): CodeIgniter\CodeIgniter->run()
#12 C:\Users\User\OneDrive - Institut Teknologi Bandung\TST\codeigniter4-framework-v4.5.5-0-g2849e7f\codeigniter4-framework-2849e7f\system\Boot.php(67): CodeIgniter\Boot::runCodeIgniter()
#13 C:\Users\User\OneDrive - Institut Teknologi Bandung\TST\codeigniter4-framework-v4.5.5-0-g2849e7f\codeigniter4-framework-2849e7f\public\index.php(56): CodeIgniter\Boot::bootWeb()
#14 C:\Users\User\OneDrive - Institut Teknologi Bandung\TST\codeigniter4-framework-v4.5.5-0-g2849e7f\codeigniter4-framework-2849e7f\system\rewrite.php(44): require_once('...')
#15 {main}
CRITICAL - 2024-11-20 09:08:59 --> CodeIgniter\Database\Exceptions\DatabaseException: Table 'foodmart.coba' doesn't exist
[Method: POST, Route: cobaAPI]
in SYSTEMPATH\Database\BaseConnection.php on line 688.
 1 SYSTEMPATH\Database\BaseBuilder.php(2340): CodeIgniter\Database\BaseConnection->query()
 2 SYSTEMPATH\Model.php(394): CodeIgniter\Database\BaseBuilder->insert()
 3 SYSTEMPATH\BaseModel.php(840): CodeIgniter\Model->doInsert()
 4 SYSTEMPATH\Model.php(802): CodeIgniter\BaseModel->insert()
 5 APPPATH\Controllers\CobaController.php(23): CodeIgniter\Model->insert()
 6 SYSTEMPATH\CodeIgniter.php(933): App\Controllers\CobaController->insert()
 7 SYSTEMPATH\CodeIgniter.php(509): CodeIgniter\CodeIgniter->runController()
 8 SYSTEMPATH\CodeIgniter.php(355): CodeIgniter\CodeIgniter->handleRequest()
 9 SYSTEMPATH\Boot.php(325): CodeIgniter\CodeIgniter->run()
10 SYSTEMPATH\Boot.php(67): CodeIgniter\Boot::runCodeIgniter()
11 FCPATH\index.php(56): CodeIgniter\Boot::bootWeb()
12 SYSTEMPATH\rewrite.php(44): require_once('C:\\Users\\User\\OneDrive - Institut Teknologi Bandung\\TST\\codeigniter4-framework-v4.5.5-0-g2849e7f\\codeigniter4-framework-2849e7f\\public\\index.php')
CRITICAL - 2024-11-20 09:08:59 --> [Caused by] CodeIgniter\Database\Exceptions\DatabaseException: Table 'foodmart.coba' doesn't exist
in SYSTEMPATH\Database\MySQLi\Connection.php on line 317.
 1 SYSTEMPATH\Database\BaseConnection.php(734): CodeIgniter\Database\MySQLi\Connection->execute()
 2 SYSTEMPATH\Database\BaseConnection.php(648): CodeIgniter\Database\BaseConnection->simpleQuery()
 3 SYSTEMPATH\Database\BaseBuilder.php(2340): CodeIgniter\Database\BaseConnection->query()
 4 SYSTEMPATH\Model.php(394): CodeIgniter\Database\BaseBuilder->insert()
 5 SYSTEMPATH\BaseModel.php(840): CodeIgniter\Model->doInsert()
 6 SYSTEMPATH\Model.php(802): CodeIgniter\BaseModel->insert()
 7 APPPATH\Controllers\CobaController.php(23): CodeIgniter\Model->insert()
 8 SYSTEMPATH\CodeIgniter.php(933): App\Controllers\CobaController->insert()
 9 SYSTEMPATH\CodeIgniter.php(509): CodeIgniter\CodeIgniter->runController()
10 SYSTEMPATH\CodeIgniter.php(355): CodeIgniter\CodeIgniter->handleRequest()
11 SYSTEMPATH\Boot.php(325): CodeIgniter\CodeIgniter->run()
12 SYSTEMPATH\Boot.php(67): CodeIgniter\Boot::runCodeIgniter()
13 FCPATH\index.php(56): CodeIgniter\Boot::bootWeb()
14 SYSTEMPATH\rewrite.php(44): require_once('C:\\Users\\User\\OneDrive - Institut Teknologi Bandung\\TST\\codeigniter4-framework-v4.5.5-0-g2849e7f\\codeigniter4-framework-2849e7f\\public\\index.php')
CRITICAL - 2024-11-20 09:08:59 --> [Caused by] mysqli_sql_exception: Table 'foodmart.coba' doesn't exist
in SYSTEMPATH\Database\MySQLi\Connection.php on line 312.
 1 SYSTEMPATH\Database\MySQLi\Connection.php(312): mysqli->query()
 2 SYSTEMPATH\Database\BaseConnection.php(734): CodeIgniter\Database\MySQLi\Connection->execute()
 3 SYSTEMPATH\Database\BaseConnection.php(648): CodeIgniter\Database\BaseConnection->simpleQuery()
 4 SYSTEMPATH\Database\BaseBuilder.php(2340): CodeIgniter\Database\BaseConnection->query()
 5 SYSTEMPATH\Model.php(394): CodeIgniter\Database\BaseBuilder->insert()
 6 SYSTEMPATH\BaseModel.php(840): CodeIgniter\Model->doInsert()
 7 SYSTEMPATH\Model.php(802): CodeIgniter\BaseModel->insert()
 8 APPPATH\Controllers\CobaController.php(23): CodeIgniter\Model->insert()
 9 SYSTEMPATH\CodeIgniter.php(933): App\Controllers\CobaController->insert()
10 SYSTEMPATH\CodeIgniter.php(509): CodeIgniter\CodeIgniter->runController()
11 SYSTEMPATH\CodeIgniter.php(355): CodeIgniter\CodeIgniter->handleRequest()
12 SYSTEMPATH\Boot.php(325): CodeIgniter\CodeIgniter->run()
13 SYSTEMPATH\Boot.php(67): CodeIgniter\Boot::runCodeIgniter()
14 FCPATH\index.php(56): CodeIgniter\Boot::bootWeb()
15 SYSTEMPATH\rewrite.php(44): require_once('C:\\Users\\User\\OneDrive - Institut Teknologi Bandung\\TST\\codeigniter4-framework-v4.5.5-0-g2849e7f\\codeigniter4-framework-2849e7f\\public\\index.php')
ERROR - 2024-11-20 09:09:36 --> mysqli_sql_exception: Table 'foodmart.coba' doesn't exist in C:\Users\User\OneDrive - Institut Teknologi Bandung\TST\codeigniter4-framework-v4.5.5-0-g2849e7f\codeigniter4-framework-2849e7f\system\Database\MySQLi\Connection.php:312
Stack trace:
#0 C:\Users\User\OneDrive - Institut Teknologi Bandung\TST\codeigniter4-framework-v4.5.5-0-g2849e7f\codeigniter4-framework-2849e7f\system\Database\MySQLi\Connection.php(312): mysqli->query()
#1 C:\Users\User\OneDrive - Institut Teknologi Bandung\TST\codeigniter4-framework-v4.5.5-0-g2849e7f\codeigniter4-framework-2849e7f\system\Database\BaseConnection.php(734): CodeIgniter\Database\MySQLi\Connection->execute()
#2 C:\Users\User\OneDrive - Institut Teknologi Bandung\TST\codeigniter4-framework-v4.5.5-0-g2849e7f\codeigniter4-framework-2849e7f\system\Database\BaseConnection.php(648): CodeIgniter\Database\BaseConnection->simpleQuery()
#3 C:\Users\User\OneDrive - Institut Teknologi Bandung\TST\codeigniter4-framework-v4.5.5-0-g2849e7f\codeigniter4-framework-2849e7f\system\Database\BaseBuilder.php(2340): CodeIgniter\Database\BaseConnection->query()
#4 C:\Users\User\OneDrive - Institut Teknologi Bandung\TST\codeigniter4-framework-v4.5.5-0-g2849e7f\codeigniter4-framework-2849e7f\system\Model.php(394): CodeIgniter\Database\BaseBuilder->insert()
#5 C:\Users\User\OneDrive - Institut Teknologi Bandung\TST\codeigniter4-framework-v4.5.5-0-g2849e7f\codeigniter4-framework-2849e7f\system\BaseModel.php(840): CodeIgniter\Model->doInsert()
#6 C:\Users\User\OneDrive - Institut Teknologi Bandung\TST\codeigniter4-framework-v4.5.5-0-g2849e7f\codeigniter4-framework-2849e7f\system\Model.php(802): CodeIgniter\BaseModel->insert()
#7 C:\Users\User\OneDrive - Institut Teknologi Bandung\TST\codeigniter4-framework-v4.5.5-0-g2849e7f\codeigniter4-framework-2849e7f\app\Controllers\CobaController.php(23): CodeIgniter\Model->insert()
#8 C:\Users\User\OneDrive - Institut Teknologi Bandung\TST\codeigniter4-framework-v4.5.5-0-g2849e7f\codeigniter4-framework-2849e7f\system\CodeIgniter.php(933): App\Controllers\CobaController->insert()
#9 C:\Users\User\OneDrive - Institut Teknologi Bandung\TST\codeigniter4-framework-v4.5.5-0-g2849e7f\codeigniter4-framework-2849e7f\system\CodeIgniter.php(509): CodeIgniter\CodeIgniter->runController()
#10 C:\Users\User\OneDrive - Institut Teknologi Bandung\TST\codeigniter4-framework-v4.5.5-0-g2849e7f\codeigniter4-framework-2849e7f\system\CodeIgniter.php(355): CodeIgniter\CodeIgniter->handleRequest()
#11 C:\Users\User\OneDrive - Institut Teknologi Bandung\TST\codeigniter4-framework-v4.5.5-0-g2849e7f\codeigniter4-framework-2849e7f\system\Boot.php(325): CodeIgniter\CodeIgniter->run()
#12 C:\Users\User\OneDrive - Institut Teknologi Bandung\TST\codeigniter4-framework-v4.5.5-0-g2849e7f\codeigniter4-framework-2849e7f\system\Boot.php(67): CodeIgniter\Boot::runCodeIgniter()
#13 C:\Users\User\OneDrive - Institut Teknologi Bandung\TST\codeigniter4-framework-v4.5.5-0-g2849e7f\codeigniter4-framework-2849e7f\public\index.php(56): CodeIgniter\Boot::bootWeb()
#14 C:\Users\User\OneDrive - Institut Teknologi Bandung\TST\codeigniter4-framework-v4.5.5-0-g2849e7f\codeigniter4-framework-2849e7f\system\rewrite.php(44): require_once('...')
#15 {main}
CRITICAL - 2024-11-20 09:09:36 --> CodeIgniter\Database\Exceptions\DatabaseException: Table 'foodmart.coba' doesn't exist
[Method: POST, Route: cobaAPI]
in SYSTEMPATH\Database\BaseConnection.php on line 688.
 1 SYSTEMPATH\Database\BaseBuilder.php(2340): CodeIgniter\Database\BaseConnection->query()
 2 SYSTEMPATH\Model.php(394): CodeIgniter\Database\BaseBuilder->insert()
 3 SYSTEMPATH\BaseModel.php(840): CodeIgniter\Model->doInsert()
 4 SYSTEMPATH\Model.php(802): CodeIgniter\BaseModel->insert()
 5 APPPATH\Controllers\CobaController.php(23): CodeIgniter\Model->insert()
 6 SYSTEMPATH\CodeIgniter.php(933): App\Controllers\CobaController->insert()
 7 SYSTEMPATH\CodeIgniter.php(509): CodeIgniter\CodeIgniter->runController()
 8 SYSTEMPATH\CodeIgniter.php(355): CodeIgniter\CodeIgniter->handleRequest()
 9 SYSTEMPATH\Boot.php(325): CodeIgniter\CodeIgniter->run()
10 SYSTEMPATH\Boot.php(67): CodeIgniter\Boot::runCodeIgniter()
11 FCPATH\index.php(56): CodeIgniter\Boot::bootWeb()
12 SYSTEMPATH\rewrite.php(44): require_once('C:\\Users\\User\\OneDrive - Institut Teknologi Bandung\\TST\\codeigniter4-framework-v4.5.5-0-g2849e7f\\codeigniter4-framework-2849e7f\\public\\index.php')
CRITICAL - 2024-11-20 09:09:36 --> [Caused by] CodeIgniter\Database\Exceptions\DatabaseException: Table 'foodmart.coba' doesn't exist
in SYSTEMPATH\Database\MySQLi\Connection.php on line 317.
 1 SYSTEMPATH\Database\BaseConnection.php(734): CodeIgniter\Database\MySQLi\Connection->execute()
 2 SYSTEMPATH\Database\BaseConnection.php(648): CodeIgniter\Database\BaseConnection->simpleQuery()
 3 SYSTEMPATH\Database\BaseBuilder.php(2340): CodeIgniter\Database\BaseConnection->query()
 4 SYSTEMPATH\Model.php(394): CodeIgniter\Database\BaseBuilder->insert()
 5 SYSTEMPATH\BaseModel.php(840): CodeIgniter\Model->doInsert()
 6 SYSTEMPATH\Model.php(802): CodeIgniter\BaseModel->insert()
 7 APPPATH\Controllers\CobaController.php(23): CodeIgniter\Model->insert()
 8 SYSTEMPATH\CodeIgniter.php(933): App\Controllers\CobaController->insert()
 9 SYSTEMPATH\CodeIgniter.php(509): CodeIgniter\CodeIgniter->runController()
10 SYSTEMPATH\CodeIgniter.php(355): CodeIgniter\CodeIgniter->handleRequest()
11 SYSTEMPATH\Boot.php(325): CodeIgniter\CodeIgniter->run()
12 SYSTEMPATH\Boot.php(67): CodeIgniter\Boot::runCodeIgniter()
13 FCPATH\index.php(56): CodeIgniter\Boot::bootWeb()
14 SYSTEMPATH\rewrite.php(44): require_once('C:\\Users\\User\\OneDrive - Institut Teknologi Bandung\\TST\\codeigniter4-framework-v4.5.5-0-g2849e7f\\codeigniter4-framework-2849e7f\\public\\index.php')
CRITICAL - 2024-11-20 09:09:36 --> [Caused by] mysqli_sql_exception: Table 'foodmart.coba' doesn't exist
in SYSTEMPATH\Database\MySQLi\Connection.php on line 312.
 1 SYSTEMPATH\Database\MySQLi\Connection.php(312): mysqli->query()
 2 SYSTEMPATH\Database\BaseConnection.php(734): CodeIgniter\Database\MySQLi\Connection->execute()
 3 SYSTEMPATH\Database\BaseConnection.php(648): CodeIgniter\Database\BaseConnection->simpleQuery()
 4 SYSTEMPATH\Database\BaseBuilder.php(2340): CodeIgniter\Database\BaseConnection->query()
 5 SYSTEMPATH\Model.php(394): CodeIgniter\Database\BaseBuilder->insert()
 6 SYSTEMPATH\BaseModel.php(840): CodeIgniter\Model->doInsert()
 7 SYSTEMPATH\Model.php(802): CodeIgniter\BaseModel->insert()
 8 APPPATH\Controllers\CobaController.php(23): CodeIgniter\Model->insert()
 9 SYSTEMPATH\CodeIgniter.php(933): App\Controllers\CobaController->insert()
10 SYSTEMPATH\CodeIgniter.php(509): CodeIgniter\CodeIgniter->runController()
11 SYSTEMPATH\CodeIgniter.php(355): CodeIgniter\CodeIgniter->handleRequest()
12 SYSTEMPATH\Boot.php(325): CodeIgniter\CodeIgniter->run()
13 SYSTEMPATH\Boot.php(67): CodeIgniter\Boot::runCodeIgniter()
14 FCPATH\index.php(56): CodeIgniter\Boot::bootWeb()
15 SYSTEMPATH\rewrite.php(44): require_once('C:\\Users\\User\\OneDrive - Institut Teknologi Bandung\\TST\\codeigniter4-framework-v4.5.5-0-g2849e7f\\codeigniter4-framework-2849e7f\\public\\index.php')
